# JRE version: OpenJDK Runtime Environment Temurin-21.0.8+9 (21.0.8+9) (build 21.0.8+9-LTS)
# Java VM: OpenJDK 64-Bit Server VM Temurin-21.0.8+9 (21.0.8+9-LTS, mixed mode, sharing, tiered, compressed oops, compressed class ptrs, parallel gc, windows-amd64)
GC Precious Log:
 CardTable entry size: 512
 CPUs: 12 total, 12 available
 Memory: 5996M
 Large Page Support: Disabled
 NUMA Support: Disabled
 Compressed Oops: Enabled (32-bit)
 Alignments: Space 512K, Generation 512K, Heap 2M
 Heap Min Capacity: 100M
 Heap Initial Capacity: 100M
 Heap Max Capacity: 2G
 Pre-touch: Disabled
 Parallel Workers: 10
Heap:
 PSYoungGen      total 14336K, used 6745K [0x00000000d5580000, 0x00000000d6780000, 0x0000000100000000)
  eden space 13312K, 48% used [0x00000000d5580000,0x00000000d5bc6630,0x00000000d6280000)
  from space 1024K, 31% used [0x00000000d6600000,0x00000000d6650000,0x00000000d6700000)
  to   space 512K, 0% used [0x00000000d6700000,0x00000000d6700000,0x00000000d6780000)
 ParOldGen       total 569856K, used 486048K [0x0000000080000000, 0x00000000a2c80000, 0x00000000d5580000)
  object space 569856K, 85% used [0x0000000080000000,0x000000009daa8308,0x00000000a2c80000)
 Metaspace       used 72662K, committed 74368K, reserved 1179648K
  class space    used 7663K, committed 8448K, reserved 1048576K
GC Heap History (20 events):
Event: 38.606 GC heap before
{Heap before GC invocations=1011 (full 3):
 PSYoungGen      total 20992K, used 20320K [0x00000000d5580000, 0x00000000d6d00000, 0x0000000100000000)
  eden space 19968K, 100% used [0x00000000d5580000,0x00000000d6900000,0x00000000d6900000)
  from space 1024K, 34% used [0x00000000d6b00000,0x00000000d6b58000,0x00000000d6c00000)
  to   space 512K, 0% used [0x00000000d6c80000,0x00000000d6c80000,0x00000000d6d00000)
 ParOldGen       total 569856K, used 474394K [0x0000000080000000, 0x00000000a2c80000, 0x00000000d5580000)
  object space 569856K, 83% used [0x0000000080000000,0x000000009cf46970,0x00000000a2c80000)
 Metaspace       used 67195K, committed 68736K, reserved 1114112K
  class space    used 7008K, committed 7680K, reserved 1048576K
}
Event: 38.612 GC heap after
{Heap after GC invocations=1011 (full 3):
 PSYoungGen      total 20480K, used 496K [0x00000000d5580000, 0x00000000d6d00000, 0x0000000100000000)
  eden space 19968K, 0% used [0x00000000d5580000,0x00000000d5580000,0x00000000d6900000)
  from space 512K, 96% used [0x00000000d6c80000,0x00000000d6cfc010,0x00000000d6d00000)
  to   space 2048K, 0% used [0x00000000d6900000,0x00000000d6900000,0x00000000d6b00000)
 ParOldGen       total 569856K, used 475334K [0x0000000080000000, 0x00000000a2c80000, 0x00000000d5580000)
  object space 569856K, 83% used [0x0000000080000000,0x000000009d0319a0,0x00000000a2c80000)
 Metaspace       used 67195K, committed 68736K, reserved 1114112K
  class space    used 7008K, committed 7680K, reserved 1048576K
}
Event: 38.795 GC heap before
{Heap before GC invocations=1012 (full 3):
 PSYoungGen      total 20480K, used 20464K [0x00000000d5580000, 0x00000000d6d00000, 0x0000000100000000)
  eden space 19968K, 100% used [0x00000000d5580000,0x00000000d6900000,0x00000000d6900000)
  from space 512K, 96% used [0x00000000d6c80000,0x00000000d6cfc010,0x00000000d6d00000)
  to   space 2048K, 0% used [0x00000000d6900000,0x00000000d6900000,0x00000000d6b00000)
 ParOldGen       total 569856K, used 475334K [0x0000000080000000, 0x00000000a2c80000, 0x00000000d5580000)
  object space 569856K, 83% used [0x0000000080000000,0x000000009d0319a0,0x00000000a2c80000)
 Metaspace       used 67958K, committed 69504K, reserved 1114112K
  class space    used 7074K, committed 7744K, reserved 1048576K
}
Event: 38.799 GC heap after
{Heap after GC invocations=1012 (full 3):
 PSYoungGen      total 22016K, used 1184K [0x00000000d5580000, 0x00000000d6d00000, 0x0000000100000000)
  eden space 19968K, 0% used [0x00000000d5580000,0x00000000d5580000,0x00000000d6900000)
  from space 2048K, 57% used [0x00000000d6900000,0x00000000d6a28020,0x00000000d6b00000)
  to   space 1536K, 0% used [0x00000000d6b80000,0x00000000d6b80000,0x00000000d6d00000)
 ParOldGen       total 569856K, used 475836K [0x0000000080000000, 0x00000000a2c80000, 0x00000000d5580000)
  object space 569856K, 83% used [0x0000000080000000,0x000000009d0af2e0,0x00000000a2c80000)
 Metaspace       used 67958K, committed 69504K, reserved 1114112K
  class space    used 7074K, committed 7744K, reserved 1048576K
}
Event: 44.013 GC heap before
{Heap before GC invocations=1013 (full 3):
 PSYoungGen      total 22016K, used 21152K [0x00000000d5580000, 0x00000000d6d00000, 0x0000000100000000)
  eden space 19968K, 100% used [0x00000000d5580000,0x00000000d6900000,0x00000000d6900000)
  from space 2048K, 57% used [0x00000000d6900000,0x00000000d6a28020,0x00000000d6b00000)
  to   space 1536K, 0% used [0x00000000d6b80000,0x00000000d6b80000,0x00000000d6d00000)
 ParOldGen       total 569856K, used 475836K [0x0000000080000000, 0x00000000a2c80000, 0x00000000d5580000)
  object space 569856K, 83% used [0x0000000080000000,0x000000009d0af2e0,0x00000000a2c80000)
 Metaspace       used 68196K, committed 69696K, reserved 1114112K
  class space    used 7107K, committed 7744K, reserved 1048576K
}
Event: 44.017 GC heap after
{Heap after GC invocations=1013 (full 3):
 PSYoungGen      total 14848K, used 1522K [0x00000000d5580000, 0x00000000d7b00000, 0x0000000100000000)
  eden space 13312K, 0% used [0x00000000d5580000,0x00000000d5580000,0x00000000d6280000)
  from space 1536K, 99% used [0x00000000d6b80000,0x00000000d6cfc8b8,0x00000000d6d00000)
  to   space 9216K, 0% used [0x00000000d6280000,0x00000000d6280000,0x00000000d6b80000)
 ParOldGen       total 569856K, used 482308K [0x0000000080000000, 0x00000000a2c80000, 0x00000000d5580000)
  object space 569856K, 84% used [0x0000000080000000,0x000000009d7012f8,0x00000000a2c80000)
 Metaspace       used 68196K, committed 69696K, reserved 1114112K
  class space    used 7107K, committed 7744K, reserved 1048576K
}
Event: 176.684 GC heap before
{Heap before GC invocations=1014 (full 3):
 PSYoungGen      total 14848K, used 14834K [0x00000000d5580000, 0x00000000d7b00000, 0x0000000100000000)
  eden space 13312K, 100% used [0x00000000d5580000,0x00000000d6280000,0x00000000d6280000)
  from space 1536K, 99% used [0x00000000d6b80000,0x00000000d6cfc8b8,0x00000000d6d00000)
  to   space 9216K, 0% used [0x00000000d6280000,0x00000000d6280000,0x00000000d6b80000)
 ParOldGen       total 569856K, used 482308K [0x0000000080000000, 0x00000000a2c80000, 0x00000000d5580000)
  object space 569856K, 84% used [0x0000000080000000,0x000000009d7012f8,0x00000000a2c80000)
 Metaspace       used 68916K, committed 70528K, reserved 1114112K
  class space    used 7193K, committed 7872K, reserved 1048576K
}
Event: 176.686 GC heap after
{Heap after GC invocations=1014 (full 3):
 PSYoungGen      total 14848K, used 1471K [0x00000000d5580000, 0x00000000d6c00000, 0x0000000100000000)
  eden space 13312K, 0% used [0x00000000d5580000,0x00000000d5580000,0x00000000d6280000)
  from space 1536K, 95% used [0x00000000d6280000,0x00000000d63efda0,0x00000000d6400000)
  to   space 4096K, 0% used [0x00000000d6800000,0x00000000d6800000,0x00000000d6c00000)
 ParOldGen       total 569856K, used 483883K [0x0000000080000000, 0x00000000a2c80000, 0x00000000d5580000)
  object space 569856K, 84% used [0x0000000080000000,0x000000009d88ac50,0x00000000a2c80000)
 Metaspace       used 68916K, committed 70528K, reserved 1114112K
  class space    used 7193K, committed 7872K, reserved 1048576K
}
Event: 176.933 GC heap before
{Heap before GC invocations=1015 (full 3):
 PSYoungGen      total 14848K, used 14718K [0x00000000d5580000, 0x00000000d6c00000, 0x0000000100000000)
  eden space 13312K, 99% used [0x00000000d5580000,0x00000000d626faf8,0x00000000d6280000)
  from space 1536K, 95% used [0x00000000d6280000,0x00000000d63efda0,0x00000000d6400000)
  to   space 4096K, 0% used [0x00000000d6800000,0x00000000d6800000,0x00000000d6c00000)
 ParOldGen       total 569856K, used 483883K [0x0000000080000000, 0x00000000a2c80000, 0x00000000d5580000)
  object space 569856K, 84% used [0x0000000080000000,0x000000009d88ac50,0x00000000a2c80000)
 Metaspace       used 69813K, committed 71488K, reserved 1114112K
  class space    used 7272K, committed 8000K, reserved 1048576K
}
Event: 176.934 GC heap after
{Heap after GC invocations=1015 (full 3):
 PSYoungGen      total 14336K, used 564K [0x00000000d5580000, 0x00000000d6900000, 0x0000000100000000)
  eden space 13312K, 0% used [0x00000000d5580000,0x00000000d5580000,0x00000000d6280000)
  from space 1024K, 55% used [0x00000000d6800000,0x00000000d688d2e0,0x00000000d6900000)
  to   space 1536K, 0% used [0x00000000d6600000,0x00000000d6600000,0x00000000d6780000)
 ParOldGen       total 569856K, used 484218K [0x0000000080000000, 0x00000000a2c80000, 0x00000000d5580000)
  object space 569856K, 84% used [0x0000000080000000,0x000000009d8deae8,0x00000000a2c80000)
 Metaspace       used 69813K, committed 71488K, reserved 1114112K
  class space    used 7272K, committed 8000K, reserved 1048576K
}
Event: 177.053 GC heap before
{Heap before GC invocations=1016 (full 3):
 PSYoungGen      total 14336K, used 13876K [0x00000000d5580000, 0x00000000d6900000, 0x0000000100000000)
  eden space 13312K, 100% used [0x00000000d5580000,0x00000000d6280000,0x00000000d6280000)
  from space 1024K, 55% used [0x00000000d6800000,0x00000000d688d2e0,0x00000000d6900000)
  to   space 1536K, 0% used [0x00000000d6600000,0x00000000d6600000,0x00000000d6780000)
 ParOldGen       total 569856K, used 484218K [0x0000000080000000, 0x00000000a2c80000, 0x00000000d5580000)
  object space 569856K, 84% used [0x0000000080000000,0x000000009d8deae8,0x00000000a2c80000)
 Metaspace       used 71199K, committed 72896K, reserved 1114112K
  class space    used 7505K, committed 8256K, reserved 1048576K
}
Event: 177.055 GC heap after
{Heap after GC invocations=1016 (full 3):
 PSYoungGen      total 14848K, used 384K [0x00000000d5580000, 0x00000000d6880000, 0x0000000100000000)
  eden space 13312K, 0% used [0x00000000d5580000,0x00000000d5580000,0x00000000d6280000)
  from space 1536K, 25% used [0x00000000d6600000,0x00000000d6660000,0x00000000d6780000)
  to   space 1024K, 0% used [0x00000000d6780000,0x00000000d6780000,0x00000000d6880000)
 ParOldGen       total 569856K, used 484500K [0x0000000080000000, 0x00000000a2c80000, 0x00000000d5580000)
  object space 569856K, 85% used [0x0000000080000000,0x000000009d9250b8,0x00000000a2c80000)
 Metaspace       used 71199K, committed 72896K, reserved 1114112K
  class space    used 7505K, committed 8256K, reserved 1048576K
}
Event: 190.648 GC heap before
{Heap before GC invocations=1017 (full 3):
 PSYoungGen      total 14848K, used 13696K [0x00000000d5580000, 0x00000000d6880000, 0x0000000100000000)
  eden space 13312K, 100% used [0x00000000d5580000,0x00000000d6280000,0x00000000d6280000)
  from space 1536K, 25% used [0x00000000d6600000,0x00000000d6660000,0x00000000d6780000)
  to   space 1024K, 0% used [0x00000000d6780000,0x00000000d6780000,0x00000000d6880000)
 ParOldGen       total 569856K, used 484500K [0x0000000080000000, 0x00000000a2c80000, 0x00000000d5580000)
  object space 569856K, 85% used [0x0000000080000000,0x000000009d9250b8,0x00000000a2c80000)
 Metaspace       used 72105K, committed 73728K, reserved 1179648K
  class space    used 7620K, committed 8320K, reserved 1048576K
}
Event: 190.651 GC heap after
{Heap after GC invocations=1017 (full 3):
 PSYoungGen      total 14336K, used 662K [0x00000000d5580000, 0x00000000d6880000, 0x0000000100000000)
  eden space 13312K, 0% used [0x00000000d5580000,0x00000000d5580000,0x00000000d6280000)
  from space 1024K, 64% used [0x00000000d6780000,0x00000000d6825868,0x00000000d6880000)
  to   space 1024K, 0% used [0x00000000d6680000,0x00000000d6680000,0x00000000d6780000)
 ParOldGen       total 569856K, used 485480K [0x0000000080000000, 0x00000000a2c80000, 0x00000000d5580000)
  object space 569856K, 85% used [0x0000000080000000,0x000000009da1a2c8,0x00000000a2c80000)
 Metaspace       used 72105K, committed 73728K, reserved 1179648K
  class space    used 7620K, committed 8320K, reserved 1048576K
}
Event: 315.592 GC heap before
{Heap before GC invocations=1018 (full 3):
 PSYoungGen      total 14336K, used 13954K [0x00000000d5580000, 0x00000000d6880000, 0x0000000100000000)
  eden space 13312K, 99% used [0x00000000d5580000,0x00000000d627b270,0x00000000d6280000)
  from space 1024K, 64% used [0x00000000d6780000,0x00000000d6825868,0x00000000d6880000)
  to   space 1024K, 0% used [0x00000000d6680000,0x00000000d6680000,0x00000000d6780000)
 ParOldGen       total 569856K, used 485480K [0x0000000080000000, 0x00000000a2c80000, 0x00000000d5580000)
  object space 569856K, 85% used [0x0000000080000000,0x000000009da1a2c8,0x00000000a2c80000)
 Metaspace       used 72248K, committed 73920K, reserved 1179648K
  class space    used 7642K, committed 8384K, reserved 1048576K
}
Event: 315.611 GC heap after
{Heap after GC invocations=1018 (full 3):
 PSYoungGen      total 13824K, used 433K [0x00000000d5580000, 0x00000000d6800000, 0x0000000100000000)
  eden space 13312K, 0% used [0x00000000d5580000,0x00000000d5580000,0x00000000d6280000)
  from space 512K, 84% used [0x00000000d6680000,0x00000000d66ec7e0,0x00000000d6700000)
  to   space 1024K, 0% used [0x00000000d6700000,0x00000000d6700000,0x00000000d6800000)
 ParOldGen       total 569856K, used 485728K [0x0000000080000000, 0x00000000a2c80000, 0x00000000d5580000)
  object space 569856K, 85% used [0x0000000080000000,0x000000009da582c8,0x00000000a2c80000)
 Metaspace       used 72248K, committed 73920K, reserved 1179648K
  class space    used 7642K, committed 8384K, reserved 1048576K
}
Event: 2595.450 GC heap before
{Heap before GC invocations=1019 (full 3):
 PSYoungGen      total 13824K, used 13745K [0x00000000d5580000, 0x00000000d6800000, 0x0000000100000000)
  eden space 13312K, 99% used [0x00000000d5580000,0x00000000d627ffd8,0x00000000d6280000)
  from space 512K, 84% used [0x00000000d6680000,0x00000000d66ec7e0,0x00000000d6700000)
  to   space 1024K, 0% used [0x00000000d6700000,0x00000000d6700000,0x00000000d6800000)
 ParOldGen       total 569856K, used 485728K [0x0000000080000000, 0x00000000a2c80000, 0x00000000d5580000)
  object space 569856K, 85% used [0x0000000080000000,0x000000009da582c8,0x00000000a2c80000)
 Metaspace       used 72551K, committed 74304K, reserved 1179648K
  class space    used 7662K, committed 8384K, reserved 1048576K
}
Event: 2595.548 GC heap after
{Heap after GC invocations=1019 (full 3):
 PSYoungGen      total 14336K, used 608K [0x00000000d5580000, 0x00000000d6800000, 0x0000000100000000)
  eden space 13312K, 0% used [0x00000000d5580000,0x00000000d5580000,0x00000000d6280000)
  from space 1024K, 59% used [0x00000000d6700000,0x00000000d6798000,0x00000000d6800000)
  to   space 1024K, 0% used [0x00000000d6600000,0x00000000d6600000,0x00000000d6700000)
 ParOldGen       total 569856K, used 485888K [0x0000000080000000, 0x00000000a2c80000, 0x00000000d5580000)
  object space 569856K, 85% used [0x0000000080000000,0x000000009da80308,0x00000000a2c80000)
 Metaspace       used 72551K, committed 74304K, reserved 1179648K
  class space    used 7662K, committed 8384K, reserved 1048576K
}
Event: 23890.012 GC heap before
{Heap before GC invocations=1020 (full 3):
 PSYoungGen      total 14336K, used 13920K [0x00000000d5580000, 0x00000000d6800000, 0x0000000100000000)
  eden space 13312K, 100% used [0x00000000d5580000,0x00000000d6280000,0x00000000d6280000)
  from space 1024K, 59% used [0x00000000d6700000,0x00000000d6798000,0x00000000d6800000)
  to   space 1024K, 0% used [0x00000000d6600000,0x00000000d6600000,0x00000000d6700000)
 ParOldGen       total 569856K, used 485888K [0x0000000080000000, 0x00000000a2c80000, 0x00000000d5580000)
  object space 569856K, 85% used [0x0000000080000000,0x000000009da80308,0x00000000a2c80000)
 Metaspace       used 72635K, committed 74368K, reserved 1179648K
  class space    used 7663K, committed 8448K, reserved 1048576K
}
Event: 23890.127 GC heap after
{Heap after GC invocations=1020 (full 3):
 PSYoungGen      total 14336K, used 320K [0x00000000d5580000, 0x00000000d6780000, 0x0000000100000000)
  eden space 13312K, 0% used [0x00000000d5580000,0x00000000d5580000,0x00000000d6280000)
  from space 1024K, 31% used [0x00000000d6600000,0x00000000d6650000,0x00000000d6700000)
  to   space 512K, 0% used [0x00000000d6700000,0x00000000d6700000,0x00000000d6780000)
 ParOldGen       total 569856K, used 486048K [0x0000000080000000, 0x00000000a2c80000, 0x00000000d5580000)
  object space 569856K, 85% used [0x0000000080000000,0x000000009daa8308,0x00000000a2c80000)
 Metaspace       used 72635K, committed 74368K, reserved 1179648K
  class space    used 7663K, committed 8448K, reserved 1048576K
}

