# JRE version: Java(TM) SE Runtime Environment (17.0.12+8) (build 17.0.12+8-LTS-286)
# Java VM: Java HotSpot(TM) 64-Bit Server VM (17.0.12+8-LTS-286, mixed mode, sharing, tiered, compressed oops, compressed class ptrs, g1 gc, windows-amd64)
GC Precious Log:
 CPUs: 12 total, 12 available
 Memory: 5996M
 Large Page Support: Disabled
 NUMA Support: Disabled
 Compressed Oops: Enabled (32-bit)
 Heap Region Size: 1M
 Heap Min Capacity: 8M
 Heap Initial Capacity: 94M
 Heap Max Capacity: 1500M
 Pre-touch: Disabled
 Parallel Workers: 10
 Concurrent Workers: 3
 Concurrent Refinement Workers: 10
 Periodic GC: Disabled
Heap:
 garbage-first heap   total 61440K, used 31331K [0x00000000a2400000, 0x0000000100000000)
  region size 1024K, 8 young (8192K), 2 survivors (2048K)
 Metaspace       used 49355K, committed 49856K, reserved 1114112K
  class space    used 6656K, committed 6912K, reserved 1048576K
GC Heap History (20 events):
Event: 1.566 GC heap before
{Heap before GC invocations=2 (full 0):
 garbage-first heap   total 96256K, used 46751K [0x00000000a2400000, 0x0000000100000000)
  region size 1024K, 38 young (38912K), 2 survivors (2048K)
 Metaspace       used 19968K, committed 20416K, reserved 1114112K
  class space    used 2604K, committed 2816K, reserved 1048576K
}
Event: 1.571 GC heap after
{Heap after GC invocations=3 (full 0):
 garbage-first heap   total 96256K, used 13405K [0x00000000a2400000, 0x0000000100000000)
  region size 1024K, 5 young (5120K), 5 survivors (5120K)
 Metaspace       used 19968K, committed 20416K, reserved 1114112K
  class space    used 2604K, committed 2816K, reserved 1048576K
}
Event: 1.624 GC heap before
{Heap before GC invocations=3 (full 0):
 garbage-first heap   total 96256K, used 18525K [0x00000000a2400000, 0x0000000100000000)
  region size 1024K, 11 young (11264K), 5 survivors (5120K)
 Metaspace       used 21129K, committed 21504K, reserved 1114112K
  class space    used 2722K, committed 2944K, reserved 1048576K
}
Event: 1.631 GC heap after
{Heap after GC invocations=4 (full 0):
 garbage-first heap   total 96256K, used 13797K [0x00000000a2400000, 0x0000000100000000)
  region size 1024K, 3 young (3072K), 3 survivors (3072K)
 Metaspace       used 21129K, committed 21504K, reserved 1114112K
  class space    used 2722K, committed 2944K, reserved 1048576K
}
Event: 2.034 GC heap before
{Heap before GC invocations=5 (full 0):
 garbage-first heap   total 51200K, used 39397K [0x00000000a2400000, 0x0000000100000000)
  region size 1024K, 30 young (30720K), 3 survivors (3072K)
 Metaspace       used 24907K, committed 25280K, reserved 1114112K
  class space    used 3229K, committed 3392K, reserved 1048576K
}
Event: 2.039 GC heap after
{Heap after GC invocations=6 (full 0):
 garbage-first heap   total 51200K, used 16842K [0x00000000a2400000, 0x0000000100000000)
  region size 1024K, 4 young (4096K), 4 survivors (4096K)
 Metaspace       used 24907K, committed 25280K, reserved 1114112K
  class space    used 3229K, committed 3392K, reserved 1048576K
}
Event: 2.399 GC heap before
{Heap before GC invocations=6 (full 0):
 garbage-first heap   total 51200K, used 35274K [0x00000000a2400000, 0x0000000100000000)
  region size 1024K, 22 young (22528K), 4 survivors (4096K)
 Metaspace       used 25926K, committed 26304K, reserved 1114112K
  class space    used 3344K, committed 3520K, reserved 1048576K
}
Event: 2.403 GC heap after
{Heap after GC invocations=7 (full 0):
 garbage-first heap   total 51200K, used 18323K [0x00000000a2400000, 0x0000000100000000)
  region size 1024K, 2 young (2048K), 2 survivors (2048K)
 Metaspace       used 25926K, committed 26304K, reserved 1114112K
  class space    used 3344K, committed 3520K, reserved 1048576K
}
Event: 2.820 GC heap before
{Heap before GC invocations=7 (full 0):
 garbage-first heap   total 51200K, used 36755K [0x00000000a2400000, 0x0000000100000000)
  region size 1024K, 20 young (20480K), 2 survivors (2048K)
 Metaspace       used 28392K, committed 28800K, reserved 1114112K
  class space    used 3675K, committed 3840K, reserved 1048576K
}
Event: 2.823 GC heap after
{Heap after GC invocations=8 (full 0):
 garbage-first heap   total 61440K, used 19480K [0x00000000a2400000, 0x0000000100000000)
  region size 1024K, 3 young (3072K), 3 survivors (3072K)
 Metaspace       used 28392K, committed 28800K, reserved 1114112K
  class space    used 3675K, committed 3840K, reserved 1048576K
}
Event: 3.400 GC heap before
{Heap before GC invocations=8 (full 0):
 garbage-first heap   total 61440K, used 45080K [0x00000000a2400000, 0x0000000100000000)
  region size 1024K, 28 young (28672K), 3 survivors (3072K)
 Metaspace       used 31018K, committed 31424K, reserved 1114112K
  class space    used 4062K, committed 4224K, reserved 1048576K
}
Event: 3.404 GC heap after
{Heap after GC invocations=9 (full 0):
 garbage-first heap   total 61440K, used 21186K [0x00000000a2400000, 0x0000000100000000)
  region size 1024K, 3 young (3072K), 3 survivors (3072K)
 Metaspace       used 31018K, committed 31424K, reserved 1114112K
  class space    used 4062K, committed 4224K, reserved 1048576K
}
Event: 4.026 GC heap before
{Heap before GC invocations=9 (full 0):
 garbage-first heap   total 61440K, used 45762K [0x00000000a2400000, 0x0000000100000000)
  region size 1024K, 27 young (27648K), 3 survivors (3072K)
 Metaspace       used 35093K, committed 35584K, reserved 1114112K
  class space    used 4647K, committed 4864K, reserved 1048576K
}
Event: 4.031 GC heap after
{Heap after GC invocations=10 (full 0):
 garbage-first heap   total 61440K, used 23668K [0x00000000a2400000, 0x0000000100000000)
  region size 1024K, 4 young (4096K), 4 survivors (4096K)
 Metaspace       used 35093K, committed 35584K, reserved 1114112K
  class space    used 4647K, committed 4864K, reserved 1048576K
}
Event: 4.153 GC heap before
{Heap before GC invocations=10 (full 0):
 garbage-first heap   total 61440K, used 31860K [0x00000000a2400000, 0x0000000100000000)
  region size 1024K, 13 young (13312K), 4 survivors (4096K)
 Metaspace       used 35643K, committed 36096K, reserved 1114112K
  class space    used 4694K, committed 4928K, reserved 1048576K
}
Event: 4.157 GC heap after
{Heap after GC invocations=11 (full 0):
 garbage-first heap   total 61440K, used 24466K [0x00000000a2400000, 0x0000000100000000)
  region size 1024K, 1 young (1024K), 1 survivors (1024K)
 Metaspace       used 35643K, committed 36096K, reserved 1114112K
  class space    used 4694K, committed 4928K, reserved 1048576K
}
Event: 4.830 GC heap before
{Heap before GC invocations=12 (full 0):
 garbage-first heap   total 61440K, used 45970K [0x00000000a2400000, 0x0000000100000000)
  region size 1024K, 23 young (23552K), 1 survivors (1024K)
 Metaspace       used 39695K, committed 40192K, reserved 1114112K
  class space    used 5295K, committed 5504K, reserved 1048576K
}
Event: 4.834 GC heap after
{Heap after GC invocations=13 (full 0):
 garbage-first heap   total 61440K, used 25912K [0x00000000a2400000, 0x0000000100000000)
  region size 1024K, 3 young (3072K), 3 survivors (3072K)
 Metaspace       used 39695K, committed 40192K, reserved 1114112K
  class space    used 5295K, committed 5504K, reserved 1048576K
}
Event: 5.942 GC heap before
{Heap before GC invocations=13 (full 0):
 garbage-first heap   total 61440K, used 47416K [0x00000000a2400000, 0x0000000100000000)
  region size 1024K, 24 young (24576K), 3 survivors (3072K)
 Metaspace       used 45336K, committed 45824K, reserved 1114112K
  class space    used 6166K, committed 6400K, reserved 1048576K
}
Event: 5.946 GC heap after
{Heap after GC invocations=14 (full 0):
 garbage-first heap   total 61440K, used 27235K [0x00000000a2400000, 0x0000000100000000)
  region size 1024K, 2 young (2048K), 2 survivors (2048K)
 Metaspace       used 45336K, committed 45824K, reserved 1114112K
  class space    used 6166K, committed 6400K, reserved 1048576K
}

