# JRE version: OpenJDK Runtime Environment Temurin-21.0.8+9 (21.0.8+9) (build 21.0.8+9-LTS)
# Java VM: OpenJDK 64-Bit Server VM Temurin-21.0.8+9 (21.0.8+9-LTS, mixed mode, sharing, tiered, compressed oops, compressed class ptrs, parallel gc, windows-amd64)
GC Precious Log:
 CardTable entry size: 512
 CPUs: 12 total, 12 available
 Memory: 5996M
 Large Page Support: Disabled
 NUMA Support: Disabled
 Compressed Oops: Enabled (32-bit)
 Alignments: Space 512K, Generation 512K, Heap 2M
 Heap Min Capacity: 100M
 Heap Initial Capacity: 100M
 Heap Max Capacity: 2G
 Pre-touch: Disabled
 Parallel Workers: 10
Heap:
 PSYoungGen      total 12288K, used 12063K [0x00000000d5580000, 0x00000000d6e80000, 0x0000000100000000)
  eden space 11776K, 98% used [0x00000000d5580000,0x00000000d60cbbc0,0x00000000d6100000)
  from space 512K, 96% used [0x00000000d6e00000,0x00000000d6e7c070,0x00000000d6e80000)
  to   space 1536K, 0% used [0x00000000d6b80000,0x00000000d6b80000,0x00000000d6d00000)
 ParOldGen       total 670208K, used 669716K [0x0000000080000000, 0x00000000a8e80000, 0x00000000d5580000)
  object space 670208K, 99% used [0x0000000080000000,0x00000000a8e05360,0x00000000a8e80000)
 Metaspace       used 71783K, committed 73472K, reserved 1179648K
  class space    used 7421K, committed 8192K, reserved 1048576K
GC Heap History (20 events):
Event: 164.300 GC heap before
{Heap before GC invocations=1190 (full 3):
 PSYoungGen      total 12288K, used 12128K [0x00000000d5580000, 0x00000000d6e80000, 0x0000000100000000)
  eden space 11776K, 100% used [0x00000000d5580000,0x00000000d6100000,0x00000000d6100000)
  from space 512K, 68% used [0x00000000d6e00000,0x00000000d6e58000,0x00000000d6e80000)
  to   space 512K, 0% used [0x00000000d6d80000,0x00000000d6d80000,0x00000000d6e00000)
 ParOldGen       total 637952K, used 637840K [0x0000000080000000, 0x00000000a6f00000, 0x00000000d5580000)
  object space 637952K, 99% used [0x0000000080000000,0x00000000a6ee40d0,0x00000000a6f00000)
 Metaspace       used 71188K, committed 72832K, reserved 1114112K
  class space    used 7387K, committed 8128K, reserved 1048576K
}
Event: 164.303 GC heap after
{Heap after GC invocations=1190 (full 3):
 PSYoungGen      total 12288K, used 384K [0x00000000d5580000, 0x00000000d6e80000, 0x0000000100000000)
  eden space 11776K, 0% used [0x00000000d5580000,0x00000000d5580000,0x00000000d6100000)
  from space 512K, 75% used [0x00000000d6d80000,0x00000000d6de0000,0x00000000d6e00000)
  to   space 512K, 0% used [0x00000000d6e00000,0x00000000d6e00000,0x00000000d6e80000)
 ParOldGen       total 637952K, used 637912K [0x0000000080000000, 0x00000000a6f00000, 0x00000000d5580000)
  object space 637952K, 99% used [0x0000000080000000,0x00000000a6ef60d0,0x00000000a6f00000)
 Metaspace       used 71188K, committed 72832K, reserved 1114112K
  class space    used 7387K, committed 8128K, reserved 1048576K
}
Event: 179.596 GC heap before
{Heap before GC invocations=1191 (full 3):
 PSYoungGen      total 12288K, used 12160K [0x00000000d5580000, 0x00000000d6e80000, 0x0000000100000000)
  eden space 11776K, 100% used [0x00000000d5580000,0x00000000d6100000,0x00000000d6100000)
  from space 512K, 75% used [0x00000000d6d80000,0x00000000d6de0000,0x00000000d6e00000)
  to   space 512K, 0% used [0x00000000d6e00000,0x00000000d6e00000,0x00000000d6e80000)
 ParOldGen       total 637952K, used 637912K [0x0000000080000000, 0x00000000a6f00000, 0x00000000d5580000)
  object space 637952K, 99% used [0x0000000080000000,0x00000000a6ef60d0,0x00000000a6f00000)
 Metaspace       used 71206K, committed 72832K, reserved 1114112K
  class space    used 7387K, committed 8128K, reserved 1048576K
}
Event: 179.600 GC heap after
{Heap after GC invocations=1191 (full 3):
 PSYoungGen      total 12288K, used 288K [0x00000000d5580000, 0x00000000d6e80000, 0x0000000100000000)
  eden space 11776K, 0% used [0x00000000d5580000,0x00000000d5580000,0x00000000d6100000)
  from space 512K, 56% used [0x00000000d6e00000,0x00000000d6e48000,0x00000000d6e80000)
  to   space 512K, 0% used [0x00000000d6d80000,0x00000000d6d80000,0x00000000d6e00000)
 ParOldGen       total 638464K, used 637952K [0x0000000080000000, 0x00000000a6f80000, 0x00000000d5580000)
  object space 638464K, 99% used [0x0000000080000000,0x00000000a6f000d0,0x00000000a6f80000)
 Metaspace       used 71206K, committed 72832K, reserved 1114112K
  class space    used 7387K, committed 8128K, reserved 1048576K
}
Event: 181.203 GC heap before
{Heap before GC invocations=1192 (full 3):
 PSYoungGen      total 12288K, used 12064K [0x00000000d5580000, 0x00000000d6e80000, 0x0000000100000000)
  eden space 11776K, 100% used [0x00000000d5580000,0x00000000d6100000,0x00000000d6100000)
  from space 512K, 56% used [0x00000000d6e00000,0x00000000d6e48000,0x00000000d6e80000)
  to   space 512K, 0% used [0x00000000d6d80000,0x00000000d6d80000,0x00000000d6e00000)
 ParOldGen       total 638464K, used 637952K [0x0000000080000000, 0x00000000a6f80000, 0x00000000d5580000)
  object space 638464K, 99% used [0x0000000080000000,0x00000000a6f000d0,0x00000000a6f80000)
 Metaspace       used 71226K, committed 72896K, reserved 1114112K
  class space    used 7390K, committed 8128K, reserved 1048576K
}
Event: 181.205 GC heap after
{Heap after GC invocations=1192 (full 3):
 PSYoungGen      total 12288K, used 320K [0x00000000d5580000, 0x00000000d6e80000, 0x0000000100000000)
  eden space 11776K, 0% used [0x00000000d5580000,0x00000000d5580000,0x00000000d6100000)
  from space 512K, 62% used [0x00000000d6d80000,0x00000000d6dd0000,0x00000000d6e00000)
  to   space 512K, 0% used [0x00000000d6e00000,0x00000000d6e00000,0x00000000d6e80000)
 ParOldGen       total 638464K, used 638000K [0x0000000080000000, 0x00000000a6f80000, 0x00000000d5580000)
  object space 638464K, 99% used [0x0000000080000000,0x00000000a6f0c0d0,0x00000000a6f80000)
 Metaspace       used 71226K, committed 72896K, reserved 1114112K
  class space    used 7390K, committed 8128K, reserved 1048576K
}
Event: 181.414 GC heap before
{Heap before GC invocations=1193 (full 3):
 PSYoungGen      total 12288K, used 12096K [0x00000000d5580000, 0x00000000d6e80000, 0x0000000100000000)
  eden space 11776K, 100% used [0x00000000d5580000,0x00000000d6100000,0x00000000d6100000)
  from space 512K, 62% used [0x00000000d6d80000,0x00000000d6dd0000,0x00000000d6e00000)
  to   space 512K, 0% used [0x00000000d6e00000,0x00000000d6e00000,0x00000000d6e80000)
 ParOldGen       total 638464K, used 638000K [0x0000000080000000, 0x00000000a6f80000, 0x00000000d5580000)
  object space 638464K, 99% used [0x0000000080000000,0x00000000a6f0c0d0,0x00000000a6f80000)
 Metaspace       used 71245K, committed 72960K, reserved 1114112K
  class space    used 7391K, committed 8192K, reserved 1048576K
}
Event: 181.415 GC heap after
{Heap after GC invocations=1193 (full 3):
 PSYoungGen      total 12288K, used 320K [0x00000000d5580000, 0x00000000d6e80000, 0x0000000100000000)
  eden space 11776K, 0% used [0x00000000d5580000,0x00000000d5580000,0x00000000d6100000)
  from space 512K, 62% used [0x00000000d6e00000,0x00000000d6e50000,0x00000000d6e80000)
  to   space 512K, 0% used [0x00000000d6d80000,0x00000000d6d80000,0x00000000d6e00000)
 ParOldGen       total 638464K, used 638024K [0x0000000080000000, 0x00000000a6f80000, 0x00000000d5580000)
  object space 638464K, 99% used [0x0000000080000000,0x00000000a6f120d0,0x00000000a6f80000)
 Metaspace       used 71245K, committed 72960K, reserved 1114112K
  class space    used 7391K, committed 8192K, reserved 1048576K
}
Event: 192.453 GC heap before
{Heap before GC invocations=1194 (full 3):
 PSYoungGen      total 12288K, used 12096K [0x00000000d5580000, 0x00000000d6e80000, 0x0000000100000000)
  eden space 11776K, 100% used [0x00000000d5580000,0x00000000d6100000,0x00000000d6100000)
  from space 512K, 62% used [0x00000000d6e00000,0x00000000d6e50000,0x00000000d6e80000)
  to   space 512K, 0% used [0x00000000d6d80000,0x00000000d6d80000,0x00000000d6e00000)
 ParOldGen       total 638464K, used 638024K [0x0000000080000000, 0x00000000a6f80000, 0x00000000d5580000)
  object space 638464K, 99% used [0x0000000080000000,0x00000000a6f120d0,0x00000000a6f80000)
 Metaspace       used 71292K, committed 73024K, reserved 1114112K
  class space    used 7391K, committed 8192K, reserved 1048576K
}
Event: 192.456 GC heap after
{Heap after GC invocations=1194 (full 3):
 PSYoungGen      total 12288K, used 320K [0x00000000d5580000, 0x00000000d6e80000, 0x0000000100000000)
  eden space 11776K, 0% used [0x00000000d5580000,0x00000000d5580000,0x00000000d6100000)
  from space 512K, 62% used [0x00000000d6d80000,0x00000000d6dd0000,0x00000000d6e00000)
  to   space 512K, 0% used [0x00000000d6e00000,0x00000000d6e00000,0x00000000d6e80000)
 ParOldGen       total 638464K, used 638048K [0x0000000080000000, 0x00000000a6f80000, 0x00000000d5580000)
  object space 638464K, 99% used [0x0000000080000000,0x00000000a6f180d0,0x00000000a6f80000)
 Metaspace       used 71292K, committed 73024K, reserved 1114112K
  class space    used 7391K, committed 8192K, reserved 1048576K
}
Event: 194.551 GC heap before
{Heap before GC invocations=1195 (full 3):
 PSYoungGen      total 12288K, used 12096K [0x00000000d5580000, 0x00000000d6e80000, 0x0000000100000000)
  eden space 11776K, 100% used [0x00000000d5580000,0x00000000d6100000,0x00000000d6100000)
  from space 512K, 62% used [0x00000000d6d80000,0x00000000d6dd0000,0x00000000d6e00000)
  to   space 512K, 0% used [0x00000000d6e00000,0x00000000d6e00000,0x00000000d6e80000)
 ParOldGen       total 638464K, used 638048K [0x0000000080000000, 0x00000000a6f80000, 0x00000000d5580000)
  object space 638464K, 99% used [0x0000000080000000,0x00000000a6f180d0,0x00000000a6f80000)
 Metaspace       used 71345K, committed 73024K, reserved 1114112K
  class space    used 7391K, committed 8192K, reserved 1048576K
}
Event: 194.554 GC heap after
{Heap after GC invocations=1195 (full 3):
 PSYoungGen      total 12288K, used 416K [0x00000000d5580000, 0x00000000d6e80000, 0x0000000100000000)
  eden space 11776K, 0% used [0x00000000d5580000,0x00000000d5580000,0x00000000d6100000)
  from space 512K, 81% used [0x00000000d6e00000,0x00000000d6e68000,0x00000000d6e80000)
  to   space 512K, 0% used [0x00000000d6d80000,0x00000000d6d80000,0x00000000d6e00000)
 ParOldGen       total 638464K, used 638104K [0x0000000080000000, 0x00000000a6f80000, 0x00000000d5580000)
  object space 638464K, 99% used [0x0000000080000000,0x00000000a6f260d0,0x00000000a6f80000)
 Metaspace       used 71345K, committed 73024K, reserved 1114112K
  class space    used 7391K, committed 8192K, reserved 1048576K
}
Event: 230.107 GC heap before
{Heap before GC invocations=1196 (full 3):
 PSYoungGen      total 12288K, used 12192K [0x00000000d5580000, 0x00000000d6e80000, 0x0000000100000000)
  eden space 11776K, 100% used [0x00000000d5580000,0x00000000d6100000,0x00000000d6100000)
  from space 512K, 81% used [0x00000000d6e00000,0x00000000d6e68000,0x00000000d6e80000)
  to   space 512K, 0% used [0x00000000d6d80000,0x00000000d6d80000,0x00000000d6e00000)
 ParOldGen       total 638464K, used 638104K [0x0000000080000000, 0x00000000a6f80000, 0x00000000d5580000)
  object space 638464K, 99% used [0x0000000080000000,0x00000000a6f260d0,0x00000000a6f80000)
 Metaspace       used 71365K, committed 73024K, reserved 1114112K
  class space    used 7391K, committed 8192K, reserved 1048576K
}
Event: 230.109 GC heap after
{Heap after GC invocations=1196 (full 3):
 PSYoungGen      total 12288K, used 320K [0x00000000d5580000, 0x00000000d6e80000, 0x0000000100000000)
  eden space 11776K, 0% used [0x00000000d5580000,0x00000000d5580000,0x00000000d6100000)
  from space 512K, 62% used [0x00000000d6d80000,0x00000000d6dd0000,0x00000000d6e00000)
  to   space 512K, 0% used [0x00000000d6e00000,0x00000000d6e00000,0x00000000d6e80000)
 ParOldGen       total 638464K, used 638152K [0x0000000080000000, 0x00000000a6f80000, 0x00000000d5580000)
  object space 638464K, 99% used [0x0000000080000000,0x00000000a6f320d0,0x00000000a6f80000)
 Metaspace       used 71365K, committed 73024K, reserved 1114112K
  class space    used 7391K, committed 8192K, reserved 1048576K
}
Event: 231.539 GC heap before
{Heap before GC invocations=1197 (full 3):
 PSYoungGen      total 12288K, used 12096K [0x00000000d5580000, 0x00000000d6e80000, 0x0000000100000000)
  eden space 11776K, 100% used [0x00000000d5580000,0x00000000d6100000,0x00000000d6100000)
  from space 512K, 62% used [0x00000000d6d80000,0x00000000d6dd0000,0x00000000d6e00000)
  to   space 512K, 0% used [0x00000000d6e00000,0x00000000d6e00000,0x00000000d6e80000)
 ParOldGen       total 638464K, used 638152K [0x0000000080000000, 0x00000000a6f80000, 0x00000000d5580000)
  object space 638464K, 99% used [0x0000000080000000,0x00000000a6f320d0,0x00000000a6f80000)
 Metaspace       used 71384K, committed 73088K, reserved 1114112K
  class space    used 7391K, committed 8192K, reserved 1048576K
}
Event: 231.542 GC heap after
{Heap after GC invocations=1197 (full 3):
 PSYoungGen      total 12288K, used 480K [0x00000000d5580000, 0x00000000d6e80000, 0x0000000100000000)
  eden space 11776K, 0% used [0x00000000d5580000,0x00000000d5580000,0x00000000d6100000)
  from space 512K, 93% used [0x00000000d6e00000,0x00000000d6e78000,0x00000000d6e80000)
  to   space 512K, 0% used [0x00000000d6d80000,0x00000000d6d80000,0x00000000d6e00000)
 ParOldGen       total 638464K, used 638192K [0x0000000080000000, 0x00000000a6f80000, 0x00000000d5580000)
  object space 638464K, 99% used [0x0000000080000000,0x00000000a6f3c0d0,0x00000000a6f80000)
 Metaspace       used 71384K, committed 73088K, reserved 1114112K
  class space    used 7391K, committed 8192K, reserved 1048576K
}
Event: 318.360 GC heap before
{Heap before GC invocations=1198 (full 3):
 PSYoungGen      total 12288K, used 12256K [0x00000000d5580000, 0x00000000d6e80000, 0x0000000100000000)
  eden space 11776K, 100% used [0x00000000d5580000,0x00000000d6100000,0x00000000d6100000)
  from space 512K, 93% used [0x00000000d6e00000,0x00000000d6e78000,0x00000000d6e80000)
  to   space 512K, 0% used [0x00000000d6d80000,0x00000000d6d80000,0x00000000d6e00000)
 ParOldGen       total 670208K, used 668912K [0x0000000080000000, 0x00000000a8e80000, 0x00000000d5580000)
  object space 670208K, 99% used [0x0000000080000000,0x00000000a8d3c100,0x00000000a8e80000)
 Metaspace       used 71614K, committed 73344K, reserved 1179648K
  class space    used 7411K, committed 8192K, reserved 1048576K
}
Event: 318.362 GC heap after
{Heap after GC invocations=1198 (full 3):
 PSYoungGen      total 12288K, used 400K [0x00000000d5580000, 0x00000000d6e80000, 0x0000000100000000)
  eden space 11776K, 0% used [0x00000000d5580000,0x00000000d5580000,0x00000000d6100000)
  from space 512K, 78% used [0x00000000d6d80000,0x00000000d6de4030,0x00000000d6e00000)
  to   space 512K, 0% used [0x00000000d6e00000,0x00000000d6e00000,0x00000000d6e80000)
 ParOldGen       total 670208K, used 668936K [0x0000000080000000, 0x00000000a8e80000, 0x00000000d5580000)
  object space 670208K, 99% used [0x0000000080000000,0x00000000a8d42100,0x00000000a8e80000)
 Metaspace       used 71614K, committed 73344K, reserved 1179648K
  class space    used 7411K, committed 8192K, reserved 1048576K
}
Event: 368.494 GC heap before
{Heap before GC invocations=1199 (full 3):
 PSYoungGen      total 12288K, used 12176K [0x00000000d5580000, 0x00000000d6e80000, 0x0000000100000000)
  eden space 11776K, 100% used [0x00000000d5580000,0x00000000d6100000,0x00000000d6100000)
  from space 512K, 78% used [0x00000000d6d80000,0x00000000d6de4030,0x00000000d6e00000)
  to   space 512K, 0% used [0x00000000d6e00000,0x00000000d6e00000,0x00000000d6e80000)
 ParOldGen       total 670208K, used 668936K [0x0000000080000000, 0x00000000a8e80000, 0x00000000d5580000)
  object space 670208K, 99% used [0x0000000080000000,0x00000000a8d42100,0x00000000a8e80000)
 Metaspace       used 71745K, committed 73472K, reserved 1179648K
  class space    used 7421K, committed 8192K, reserved 1048576K
}
Event: 368.498 GC heap after
{Heap after GC invocations=1199 (full 3):
 PSYoungGen      total 12288K, used 496K [0x00000000d5580000, 0x00000000d6e80000, 0x0000000100000000)
  eden space 11776K, 0% used [0x00000000d5580000,0x00000000d5580000,0x00000000d6100000)
  from space 512K, 96% used [0x00000000d6e00000,0x00000000d6e7c070,0x00000000d6e80000)
  to   space 1536K, 0% used [0x00000000d6b80000,0x00000000d6b80000,0x00000000d6d00000)
 ParOldGen       total 670208K, used 669716K [0x0000000080000000, 0x00000000a8e80000, 0x00000000d5580000)
  object space 670208K, 99% used [0x0000000080000000,0x00000000a8e05360,0x00000000a8e80000)
 Metaspace       used 71745K, committed 73472K, reserved 1179648K
  class space    used 7421K, committed 8192K, reserved 1048576K
}

