# JRE version: OpenJDK Runtime Environment Temurin-21.0.8+9 (21.0.8+9) (build 21.0.8+9-LTS)
# Java VM: OpenJDK 64-Bit Server VM Temurin-21.0.8+9 (21.0.8+9-LTS, mixed mode, sharing, tiered, compressed oops, compressed class ptrs, parallel gc, windows-amd64)
GC Precious Log:
 CardTable entry size: 512
 CPUs: 12 total, 12 available
 Memory: 5996M
 Large Page Support: Disabled
 NUMA Support: Disabled
 Compressed Oops: Enabled (32-bit)
 Alignments: Space 512K, Generation 512K, Heap 2M
 Heap Min Capacity: 100M
 Heap Initial Capacity: 100M
 Heap Max Capacity: 2G
 Pre-touch: Disabled
 Parallel Workers: 10
Heap:
 PSYoungGen      total 3072K, used 2625K [0x00000000d5580000, 0x00000000d5d80000, 0x0000000100000000)
  eden space 2560K, 84% used [0x00000000d5580000,0x00000000d5799d18,0x00000000d5800000)
  from space 512K, 92% used [0x00000000d5c80000,0x00000000d5cf6900,0x00000000d5d00000)
  to   space 512K, 0% used [0x00000000d5d00000,0x00000000d5d00000,0x00000000d5d80000)
 ParOldGen       total 588288K, used 507774K [0x0000000080000000, 0x00000000a3e80000, 0x00000000d5580000)
  object space 588288K, 86% used [0x0000000080000000,0x000000009efdf9b8,0x00000000a3e80000)
 Metaspace       used 73022K, committed 74688K, reserved 1179648K
  class space    used 7743K, committed 8512K, reserved 1048576K
GC Heap History (20 events):
Event: 714.196 GC heap before
{Heap before GC invocations=1249 (full 3):
 PSYoungGen      total 3072K, used 2814K [0x00000000d5580000, 0x00000000d5d80000, 0x0000000100000000)
  eden space 2560K, 99% used [0x00000000d5580000,0x00000000d57ffbb0,0x00000000d5800000)
  from space 512K, 50% used [0x00000000d5c80000,0x00000000d5cc0000,0x00000000d5d00000)
  to   space 512K, 0% used [0x00000000d5d00000,0x00000000d5d00000,0x00000000d5d80000)
 ParOldGen       total 588288K, used 506655K [0x0000000080000000, 0x00000000a3e80000, 0x00000000d5580000)
  object space 588288K, 86% used [0x0000000080000000,0x000000009eec7d90,0x00000000a3e80000)
 Metaspace       used 70420K, committed 72064K, reserved 1114112K
  class space    used 7372K, committed 8128K, reserved 1048576K
}
Event: 714.199 GC heap after
{Heap after GC invocations=1249 (full 3):
 PSYoungGen      total 3072K, used 337K [0x00000000d5580000, 0x00000000d5d80000, 0x0000000100000000)
  eden space 2560K, 0% used [0x00000000d5580000,0x00000000d5580000,0x00000000d5800000)
  from space 512K, 65% used [0x00000000d5d00000,0x00000000d5d545b0,0x00000000d5d80000)
  to   space 512K, 0% used [0x00000000d5c80000,0x00000000d5c80000,0x00000000d5d00000)
 ParOldGen       total 588288K, used 506791K [0x0000000080000000, 0x00000000a3e80000, 0x00000000d5580000)
  object space 588288K, 86% used [0x0000000080000000,0x000000009eee9d90,0x00000000a3e80000)
 Metaspace       used 70420K, committed 72064K, reserved 1114112K
  class space    used 7372K, committed 8128K, reserved 1048576K
}
Event: 714.236 GC heap before
{Heap before GC invocations=1250 (full 3):
 PSYoungGen      total 3072K, used 2897K [0x00000000d5580000, 0x00000000d5d80000, 0x0000000100000000)
  eden space 2560K, 100% used [0x00000000d5580000,0x00000000d5800000,0x00000000d5800000)
  from space 512K, 65% used [0x00000000d5d00000,0x00000000d5d545b0,0x00000000d5d80000)
  to   space 512K, 0% used [0x00000000d5c80000,0x00000000d5c80000,0x00000000d5d00000)
 ParOldGen       total 588288K, used 506791K [0x0000000080000000, 0x00000000a3e80000, 0x00000000d5580000)
  object space 588288K, 86% used [0x0000000080000000,0x000000009eee9d90,0x00000000a3e80000)
 Metaspace       used 70802K, committed 72448K, reserved 1114112K
  class space    used 7399K, committed 8128K, reserved 1048576K
}
Event: 714.238 GC heap after
{Heap after GC invocations=1250 (full 3):
 PSYoungGen      total 3072K, used 384K [0x00000000d5580000, 0x00000000d5d80000, 0x0000000100000000)
  eden space 2560K, 0% used [0x00000000d5580000,0x00000000d5580000,0x00000000d5800000)
  from space 512K, 75% used [0x00000000d5c80000,0x00000000d5ce0020,0x00000000d5d00000)
  to   space 512K, 0% used [0x00000000d5d00000,0x00000000d5d00000,0x00000000d5d80000)
 ParOldGen       total 588288K, used 506934K [0x0000000080000000, 0x00000000a3e80000, 0x00000000d5580000)
  object space 588288K, 86% used [0x0000000080000000,0x000000009ef0d958,0x00000000a3e80000)
 Metaspace       used 70802K, committed 72448K, reserved 1114112K
  class space    used 7399K, committed 8128K, reserved 1048576K
}
Event: 714.262 GC heap before
{Heap before GC invocations=1251 (full 3):
 PSYoungGen      total 3072K, used 2944K [0x00000000d5580000, 0x00000000d5d80000, 0x0000000100000000)
  eden space 2560K, 100% used [0x00000000d5580000,0x00000000d5800000,0x00000000d5800000)
  from space 512K, 75% used [0x00000000d5c80000,0x00000000d5ce0020,0x00000000d5d00000)
  to   space 512K, 0% used [0x00000000d5d00000,0x00000000d5d00000,0x00000000d5d80000)
 ParOldGen       total 588288K, used 506934K [0x0000000080000000, 0x00000000a3e80000, 0x00000000d5580000)
  object space 588288K, 86% used [0x0000000080000000,0x000000009ef0d958,0x00000000a3e80000)
 Metaspace       used 70987K, committed 72640K, reserved 1114112K
  class space    used 7445K, committed 8192K, reserved 1048576K
}
Event: 714.264 GC heap after
{Heap after GC invocations=1251 (full 3):
 PSYoungGen      total 3072K, used 256K [0x00000000d5580000, 0x00000000d5d80000, 0x0000000100000000)
  eden space 2560K, 0% used [0x00000000d5580000,0x00000000d5580000,0x00000000d5800000)
  from space 512K, 50% used [0x00000000d5d00000,0x00000000d5d40000,0x00000000d5d80000)
  to   space 512K, 0% used [0x00000000d5c80000,0x00000000d5c80000,0x00000000d5d00000)
 ParOldGen       total 588288K, used 507078K [0x0000000080000000, 0x00000000a3e80000, 0x00000000d5580000)
  object space 588288K, 86% used [0x0000000080000000,0x000000009ef31978,0x00000000a3e80000)
 Metaspace       used 70987K, committed 72640K, reserved 1114112K
  class space    used 7445K, committed 8192K, reserved 1048576K
}
Event: 714.292 GC heap before
{Heap before GC invocations=1252 (full 3):
 PSYoungGen      total 3072K, used 2810K [0x00000000d5580000, 0x00000000d5d80000, 0x0000000100000000)
  eden space 2560K, 99% used [0x00000000d5580000,0x00000000d57fea90,0x00000000d5800000)
  from space 512K, 50% used [0x00000000d5d00000,0x00000000d5d40000,0x00000000d5d80000)
  to   space 512K, 0% used [0x00000000d5c80000,0x00000000d5c80000,0x00000000d5d00000)
 ParOldGen       total 588288K, used 507078K [0x0000000080000000, 0x00000000a3e80000, 0x00000000d5580000)
  object space 588288K, 86% used [0x0000000080000000,0x000000009ef31978,0x00000000a3e80000)
 Metaspace       used 71421K, committed 73088K, reserved 1179648K
  class space    used 7483K, committed 8256K, reserved 1048576K
}
Event: 714.293 GC heap after
{Heap after GC invocations=1252 (full 3):
 PSYoungGen      total 3072K, used 320K [0x00000000d5580000, 0x00000000d5d80000, 0x0000000100000000)
  eden space 2560K, 0% used [0x00000000d5580000,0x00000000d5580000,0x00000000d5800000)
  from space 512K, 62% used [0x00000000d5c80000,0x00000000d5cd0000,0x00000000d5d00000)
  to   space 512K, 0% used [0x00000000d5d00000,0x00000000d5d00000,0x00000000d5d80000)
 ParOldGen       total 588288K, used 507158K [0x0000000080000000, 0x00000000a3e80000, 0x00000000d5580000)
  object space 588288K, 86% used [0x0000000080000000,0x000000009ef45978,0x00000000a3e80000)
 Metaspace       used 71421K, committed 73088K, reserved 1179648K
  class space    used 7483K, committed 8256K, reserved 1048576K
}
Event: 714.328 GC heap before
{Heap before GC invocations=1253 (full 3):
 PSYoungGen      total 3072K, used 2880K [0x00000000d5580000, 0x00000000d5d80000, 0x0000000100000000)
  eden space 2560K, 100% used [0x00000000d5580000,0x00000000d5800000,0x00000000d5800000)
  from space 512K, 62% used [0x00000000d5c80000,0x00000000d5cd0000,0x00000000d5d00000)
  to   space 512K, 0% used [0x00000000d5d00000,0x00000000d5d00000,0x00000000d5d80000)
 ParOldGen       total 588288K, used 507158K [0x0000000080000000, 0x00000000a3e80000, 0x00000000d5580000)
  object space 588288K, 86% used [0x0000000080000000,0x000000009ef45978,0x00000000a3e80000)
 Metaspace       used 71666K, committed 73344K, reserved 1179648K
  class space    used 7530K, committed 8256K, reserved 1048576K
}
Event: 714.330 GC heap after
{Heap after GC invocations=1253 (full 3):
 PSYoungGen      total 3072K, used 352K [0x00000000d5580000, 0x00000000d5d80000, 0x0000000100000000)
  eden space 2560K, 0% used [0x00000000d5580000,0x00000000d5580000,0x00000000d5800000)
  from space 512K, 68% used [0x00000000d5d00000,0x00000000d5d58000,0x00000000d5d80000)
  to   space 512K, 0% used [0x00000000d5c80000,0x00000000d5c80000,0x00000000d5d00000)
 ParOldGen       total 588288K, used 507246K [0x0000000080000000, 0x00000000a3e80000, 0x00000000d5580000)
  object space 588288K, 86% used [0x0000000080000000,0x000000009ef5b978,0x00000000a3e80000)
 Metaspace       used 71666K, committed 73344K, reserved 1179648K
  class space    used 7530K, committed 8256K, reserved 1048576K
}
Event: 714.357 GC heap before
{Heap before GC invocations=1254 (full 3):
 PSYoungGen      total 3072K, used 2912K [0x00000000d5580000, 0x00000000d5d80000, 0x0000000100000000)
  eden space 2560K, 100% used [0x00000000d5580000,0x00000000d5800000,0x00000000d5800000)
  from space 512K, 68% used [0x00000000d5d00000,0x00000000d5d58000,0x00000000d5d80000)
  to   space 512K, 0% used [0x00000000d5c80000,0x00000000d5c80000,0x00000000d5d00000)
 ParOldGen       total 588288K, used 507246K [0x0000000080000000, 0x00000000a3e80000, 0x00000000d5580000)
  object space 588288K, 86% used [0x0000000080000000,0x000000009ef5b978,0x00000000a3e80000)
 Metaspace       used 71838K, committed 73472K, reserved 1179648K
  class space    used 7580K, committed 8320K, reserved 1048576K
}
Event: 714.358 GC heap after
{Heap after GC invocations=1254 (full 3):
 PSYoungGen      total 3072K, used 192K [0x00000000d5580000, 0x00000000d5d80000, 0x0000000100000000)
  eden space 2560K, 0% used [0x00000000d5580000,0x00000000d5580000,0x00000000d5800000)
  from space 512K, 37% used [0x00000000d5c80000,0x00000000d5cb0000,0x00000000d5d00000)
  to   space 512K, 0% used [0x00000000d5d00000,0x00000000d5d00000,0x00000000d5d80000)
 ParOldGen       total 588288K, used 507374K [0x0000000080000000, 0x00000000a3e80000, 0x00000000d5580000)
  object space 588288K, 86% used [0x0000000080000000,0x000000009ef7b9a8,0x00000000a3e80000)
 Metaspace       used 71838K, committed 73472K, reserved 1179648K
  class space    used 7580K, committed 8320K, reserved 1048576K
}
Event: 714.405 GC heap before
{Heap before GC invocations=1255 (full 3):
 PSYoungGen      total 3072K, used 2751K [0x00000000d5580000, 0x00000000d5d80000, 0x0000000100000000)
  eden space 2560K, 99% used [0x00000000d5580000,0x00000000d57ffde8,0x00000000d5800000)
  from space 512K, 37% used [0x00000000d5c80000,0x00000000d5cb0000,0x00000000d5d00000)
  to   space 512K, 0% used [0x00000000d5d00000,0x00000000d5d00000,0x00000000d5d80000)
 ParOldGen       total 588288K, used 507374K [0x0000000080000000, 0x00000000a3e80000, 0x00000000d5580000)
  object space 588288K, 86% used [0x0000000080000000,0x000000009ef7b9a8,0x00000000a3e80000)
 Metaspace       used 72131K, committed 73792K, reserved 1179648K
  class space    used 7631K, committed 8384K, reserved 1048576K
}
Event: 714.406 GC heap after
{Heap after GC invocations=1255 (full 3):
 PSYoungGen      total 3072K, used 320K [0x00000000d5580000, 0x00000000d5d80000, 0x0000000100000000)
  eden space 2560K, 0% used [0x00000000d5580000,0x00000000d5580000,0x00000000d5800000)
  from space 512K, 62% used [0x00000000d5d00000,0x00000000d5d50000,0x00000000d5d80000)
  to   space 512K, 0% used [0x00000000d5c80000,0x00000000d5c80000,0x00000000d5d00000)
 ParOldGen       total 588288K, used 507454K [0x0000000080000000, 0x00000000a3e80000, 0x00000000d5580000)
  object space 588288K, 86% used [0x0000000080000000,0x000000009ef8f9a8,0x00000000a3e80000)
 Metaspace       used 72131K, committed 73792K, reserved 1179648K
  class space    used 7631K, committed 8384K, reserved 1048576K
}
Event: 714.438 GC heap before
{Heap before GC invocations=1256 (full 3):
 PSYoungGen      total 3072K, used 2880K [0x00000000d5580000, 0x00000000d5d80000, 0x0000000100000000)
  eden space 2560K, 100% used [0x00000000d5580000,0x00000000d5800000,0x00000000d5800000)
  from space 512K, 62% used [0x00000000d5d00000,0x00000000d5d50000,0x00000000d5d80000)
  to   space 512K, 0% used [0x00000000d5c80000,0x00000000d5c80000,0x00000000d5d00000)
 ParOldGen       total 588288K, used 507454K [0x0000000080000000, 0x00000000a3e80000, 0x00000000d5580000)
  object space 588288K, 86% used [0x0000000080000000,0x000000009ef8f9a8,0x00000000a3e80000)
 Metaspace       used 72422K, committed 74048K, reserved 1179648K
  class space    used 7672K, committed 8384K, reserved 1048576K
}
Event: 714.441 GC heap after
{Heap after GC invocations=1256 (full 3):
 PSYoungGen      total 3072K, used 320K [0x00000000d5580000, 0x00000000d5d80000, 0x0000000100000000)
  eden space 2560K, 0% used [0x00000000d5580000,0x00000000d5580000,0x00000000d5800000)
  from space 512K, 62% used [0x00000000d5c80000,0x00000000d5cd0000,0x00000000d5d00000)
  to   space 512K, 0% used [0x00000000d5d00000,0x00000000d5d00000,0x00000000d5d80000)
 ParOldGen       total 588288K, used 507534K [0x0000000080000000, 0x00000000a3e80000, 0x00000000d5580000)
  object space 588288K, 86% used [0x0000000080000000,0x000000009efa39a8,0x00000000a3e80000)
 Metaspace       used 72422K, committed 74048K, reserved 1179648K
  class space    used 7672K, committed 8384K, reserved 1048576K
}
Event: 714.521 GC heap before
{Heap before GC invocations=1257 (full 3):
 PSYoungGen      total 3072K, used 2880K [0x00000000d5580000, 0x00000000d5d80000, 0x0000000100000000)
  eden space 2560K, 100% used [0x00000000d5580000,0x00000000d5800000,0x00000000d5800000)
  from space 512K, 62% used [0x00000000d5c80000,0x00000000d5cd0000,0x00000000d5d00000)
  to   space 512K, 0% used [0x00000000d5d00000,0x00000000d5d00000,0x00000000d5d80000)
 ParOldGen       total 588288K, used 507534K [0x0000000080000000, 0x00000000a3e80000, 0x00000000d5580000)
  object space 588288K, 86% used [0x0000000080000000,0x000000009efa39a8,0x00000000a3e80000)
 Metaspace       used 72732K, committed 74368K, reserved 1179648K
  class space    used 7711K, committed 8448K, reserved 1048576K
}
Event: 714.523 GC heap after
{Heap after GC invocations=1257 (full 3):
 PSYoungGen      total 3072K, used 320K [0x00000000d5580000, 0x00000000d5d80000, 0x0000000100000000)
  eden space 2560K, 0% used [0x00000000d5580000,0x00000000d5580000,0x00000000d5800000)
  from space 512K, 62% used [0x00000000d5d00000,0x00000000d5d50000,0x00000000d5d80000)
  to   space 512K, 0% used [0x00000000d5c80000,0x00000000d5c80000,0x00000000d5d00000)
 ParOldGen       total 588288K, used 507622K [0x0000000080000000, 0x00000000a3e80000, 0x00000000d5580000)
  object space 588288K, 86% used [0x0000000080000000,0x000000009efb99a8,0x00000000a3e80000)
 Metaspace       used 72732K, committed 74368K, reserved 1179648K
  class space    used 7711K, committed 8448K, reserved 1048576K
}
Event: 739.203 GC heap before
{Heap before GC invocations=1258 (full 3):
 PSYoungGen      total 3072K, used 2880K [0x00000000d5580000, 0x00000000d5d80000, 0x0000000100000000)
  eden space 2560K, 100% used [0x00000000d5580000,0x00000000d5800000,0x00000000d5800000)
  from space 512K, 62% used [0x00000000d5d00000,0x00000000d5d50000,0x00000000d5d80000)
  to   space 512K, 0% used [0x00000000d5c80000,0x00000000d5c80000,0x00000000d5d00000)
 ParOldGen       total 588288K, used 507622K [0x0000000080000000, 0x00000000a3e80000, 0x00000000d5580000)
  object space 588288K, 86% used [0x0000000080000000,0x000000009efb99a8,0x00000000a3e80000)
 Metaspace       used 72965K, committed 74688K, reserved 1179648K
  class space    used 7739K, committed 8512K, reserved 1048576K
}
Event: 739.214 GC heap after
{Heap after GC invocations=1258 (full 3):
 PSYoungGen      total 3072K, used 474K [0x00000000d5580000, 0x00000000d5d80000, 0x0000000100000000)
  eden space 2560K, 0% used [0x00000000d5580000,0x00000000d5580000,0x00000000d5800000)
  from space 512K, 92% used [0x00000000d5c80000,0x00000000d5cf6900,0x00000000d5d00000)
  to   space 512K, 0% used [0x00000000d5d00000,0x00000000d5d00000,0x00000000d5d80000)
 ParOldGen       total 588288K, used 507774K [0x0000000080000000, 0x00000000a3e80000, 0x00000000d5580000)
  object space 588288K, 86% used [0x0000000080000000,0x000000009efdf9b8,0x00000000a3e80000)
 Metaspace       used 72965K, committed 74688K, reserved 1179648K
  class space    used 7739K, committed 8512K, reserved 1048576K
}

