# JRE version: OpenJDK Runtime Environment Temurin-21.0.8+9 (21.0.8+9) (build 21.0.8+9-LTS)
# Java VM: OpenJDK 64-Bit Server VM Temurin-21.0.8+9 (21.0.8+9-LTS, mixed mode, sharing, tiered, compressed oops, compressed class ptrs, parallel gc, windows-amd64)
GC Precious Log:
 CardTable entry size: 512
 CPUs: 12 total, 12 available
 Memory: 5996M
 Large Page Support: Disabled
 NUMA Support: Disabled
 Compressed Oops: Enabled (32-bit)
 Alignments: Space 512K, Generation 512K, Heap 2M
 Heap Min Capacity: 100M
 Heap Initial Capacity: 100M
 Heap Max Capacity: 2G
 Pre-touch: Disabled
 Parallel Workers: 10
Heap:
 PSYoungGen      total 3584K, used 1005K [0x00000000d5580000, 0x00000000d5a00000, 0x0000000100000000)
  eden space 2560K, 0% used [0x00000000d5580000,0x00000000d5580000,0x00000000d5800000)
  from space 1024K, 98% used [0x00000000d5900000,0x00000000d59fb740,0x00000000d5a00000)
  to   space 1024K, 0% used [0x00000000d5800000,0x00000000d5800000,0x00000000d5900000)
 ParOldGen       total 524288K, used 445196K [0x0000000080000000, 0x00000000a0000000, 0x00000000d5580000)
  object space 524288K, 84% used [0x0000000080000000,0x000000009b2c3120,0x00000000a0000000)
 Metaspace       used 68747K, committed 70208K, reserved 1114112K
  class space    used 7265K, committed 7872K, reserved 1048576K
GC Heap History (20 events):
Event: 68.049 GC heap before
{Heap before GC invocations=1201 (full 3):
 PSYoungGen      total 2560K, used 2548K [0x00000000d5580000, 0x00000000d5b00000, 0x0000000100000000)
  eden space 1536K, 100% used [0x00000000d5580000,0x00000000d5700000,0x00000000d5700000)
  from space 1024K, 98% used [0x00000000d5700000,0x00000000d57fd020,0x00000000d5800000)
  to   space 2048K, 0% used [0x00000000d5900000,0x00000000d5900000,0x00000000d5b00000)
 ParOldGen       total 524288K, used 435577K [0x0000000080000000, 0x00000000a0000000, 0x00000000d5580000)
  object space 524288K, 83% used [0x0000000080000000,0x000000009a95e6d0,0x00000000a0000000)
 Metaspace       used 68708K, committed 70208K, reserved 1114112K
  class space    used 7265K, committed 7872K, reserved 1048576K
}
Event: 68.052 GC heap after
{Heap after GC invocations=1201 (full 3):
 PSYoungGen      total 3072K, used 604K [0x00000000d5580000, 0x00000000d5a00000, 0x0000000100000000)
  eden space 2048K, 0% used [0x00000000d5580000,0x00000000d5580000,0x00000000d5780000)
  from space 1024K, 59% used [0x00000000d5900000,0x00000000d5997200,0x00000000d5a00000)
  to   space 1024K, 0% used [0x00000000d5800000,0x00000000d5800000,0x00000000d5900000)
 ParOldGen       total 524288K, used 436315K [0x0000000080000000, 0x00000000a0000000, 0x00000000d5580000)
  object space 524288K, 83% used [0x0000000080000000,0x000000009aa16fe8,0x00000000a0000000)
 Metaspace       used 68708K, committed 70208K, reserved 1114112K
  class space    used 7265K, committed 7872K, reserved 1048576K
}
Event: 68.062 GC heap before
{Heap before GC invocations=1202 (full 3):
 PSYoungGen      total 3072K, used 2652K [0x00000000d5580000, 0x00000000d5a00000, 0x0000000100000000)
  eden space 2048K, 100% used [0x00000000d5580000,0x00000000d5780000,0x00000000d5780000)
  from space 1024K, 59% used [0x00000000d5900000,0x00000000d5997200,0x00000000d5a00000)
  to   space 1024K, 0% used [0x00000000d5800000,0x00000000d5800000,0x00000000d5900000)
 ParOldGen       total 524288K, used 436315K [0x0000000080000000, 0x00000000a0000000, 0x00000000d5580000)
  object space 524288K, 83% used [0x0000000080000000,0x000000009aa16fe8,0x00000000a0000000)
 Metaspace       used 68708K, committed 70208K, reserved 1114112K
  class space    used 7265K, committed 7872K, reserved 1048576K
}
Event: 68.065 GC heap after
{Heap after GC invocations=1202 (full 3):
 PSYoungGen      total 3584K, used 1005K [0x00000000d5580000, 0x00000000d5d00000, 0x0000000100000000)
  eden space 2560K, 0% used [0x00000000d5580000,0x00000000d5580000,0x00000000d5800000)
  from space 1024K, 98% used [0x00000000d5800000,0x00000000d58fb690,0x00000000d5900000)
  to   space 2560K, 0% used [0x00000000d5a80000,0x00000000d5a80000,0x00000000d5d00000)
 ParOldGen       total 524288K, used 437192K [0x0000000080000000, 0x00000000a0000000, 0x00000000d5580000)
  object space 524288K, 83% used [0x0000000080000000,0x000000009aaf21e8,0x00000000a0000000)
 Metaspace       used 68708K, committed 70208K, reserved 1114112K
  class space    used 7265K, committed 7872K, reserved 1048576K
}
Event: 68.098 GC heap before
{Heap before GC invocations=1203 (full 3):
 PSYoungGen      total 3584K, used 3565K [0x00000000d5580000, 0x00000000d5d00000, 0x0000000100000000)
  eden space 2560K, 100% used [0x00000000d5580000,0x00000000d5800000,0x00000000d5800000)
  from space 1024K, 98% used [0x00000000d5800000,0x00000000d58fb690,0x00000000d5900000)
  to   space 2560K, 0% used [0x00000000d5a80000,0x00000000d5a80000,0x00000000d5d00000)
 ParOldGen       total 524288K, used 437192K [0x0000000080000000, 0x00000000a0000000, 0x00000000d5580000)
  object space 524288K, 83% used [0x0000000080000000,0x000000009aaf21e8,0x00000000a0000000)
 Metaspace       used 68708K, committed 70208K, reserved 1114112K
  class space    used 7265K, committed 7872K, reserved 1048576K
}
Event: 68.106 GC heap after
{Heap after GC invocations=1203 (full 3):
 PSYoungGen      total 4608K, used 1733K [0x00000000d5580000, 0x00000000d5c80000, 0x0000000100000000)
  eden space 2560K, 0% used [0x00000000d5580000,0x00000000d5580000,0x00000000d5800000)
  from space 2048K, 84% used [0x00000000d5a80000,0x00000000d5c31528,0x00000000d5c80000)
  to   space 2048K, 0% used [0x00000000d5880000,0x00000000d5880000,0x00000000d5a80000)
 ParOldGen       total 524288K, used 437852K [0x0000000080000000, 0x00000000a0000000, 0x00000000d5580000)
  object space 524288K, 83% used [0x0000000080000000,0x000000009ab97268,0x00000000a0000000)
 Metaspace       used 68708K, committed 70208K, reserved 1114112K
  class space    used 7265K, committed 7872K, reserved 1048576K
}
Event: 68.175 GC heap before
{Heap before GC invocations=1204 (full 3):
 PSYoungGen      total 4608K, used 4293K [0x00000000d5580000, 0x00000000d5c80000, 0x0000000100000000)
  eden space 2560K, 100% used [0x00000000d5580000,0x00000000d5800000,0x00000000d5800000)
  from space 2048K, 84% used [0x00000000d5a80000,0x00000000d5c31528,0x00000000d5c80000)
  to   space 2048K, 0% used [0x00000000d5880000,0x00000000d5880000,0x00000000d5a80000)
 ParOldGen       total 524288K, used 437852K [0x0000000080000000, 0x00000000a0000000, 0x00000000d5580000)
  object space 524288K, 83% used [0x0000000080000000,0x000000009ab97268,0x00000000a0000000)
 Metaspace       used 68708K, committed 70208K, reserved 1114112K
  class space    used 7265K, committed 7872K, reserved 1048576K
}
Event: 68.177 GC heap after
{Heap after GC invocations=1204 (full 3):
 PSYoungGen      total 4096K, used 1088K [0x00000000d5580000, 0x00000000d5b00000, 0x0000000100000000)
  eden space 2560K, 0% used [0x00000000d5580000,0x00000000d5580000,0x00000000d5800000)
  from space 1536K, 70% used [0x00000000d5880000,0x00000000d5990000,0x00000000d5a00000)
  to   space 1024K, 0% used [0x00000000d5a00000,0x00000000d5a00000,0x00000000d5b00000)
 ParOldGen       total 524288K, used 439282K [0x0000000080000000, 0x00000000a0000000, 0x00000000d5580000)
  object space 524288K, 83% used [0x0000000080000000,0x000000009acfc9c8,0x00000000a0000000)
 Metaspace       used 68708K, committed 70208K, reserved 1114112K
  class space    used 7265K, committed 7872K, reserved 1048576K
}
Event: 68.225 GC heap before
{Heap before GC invocations=1205 (full 3):
 PSYoungGen      total 4096K, used 3648K [0x00000000d5580000, 0x00000000d5b00000, 0x0000000100000000)
  eden space 2560K, 100% used [0x00000000d5580000,0x00000000d5800000,0x00000000d5800000)
  from space 1536K, 70% used [0x00000000d5880000,0x00000000d5990000,0x00000000d5a00000)
  to   space 1024K, 0% used [0x00000000d5a00000,0x00000000d5a00000,0x00000000d5b00000)
 ParOldGen       total 524288K, used 439282K [0x0000000080000000, 0x00000000a0000000, 0x00000000d5580000)
  object space 524288K, 83% used [0x0000000080000000,0x000000009acfc9c8,0x00000000a0000000)
 Metaspace       used 68708K, committed 70208K, reserved 1114112K
  class space    used 7265K, committed 7872K, reserved 1048576K
}
Event: 69.230 GC heap after
{Heap after GC invocations=1205 (full 3):
 PSYoungGen      total 3584K, used 996K [0x00000000d5580000, 0x00000000d5c00000, 0x0000000100000000)
  eden space 2560K, 0% used [0x00000000d5580000,0x00000000d5580000,0x00000000d5800000)
  from space 1024K, 97% used [0x00000000d5a00000,0x00000000d5af9010,0x00000000d5b00000)
  to   space 2048K, 0% used [0x00000000d5800000,0x00000000d5800000,0x00000000d5a00000)
 ParOldGen       total 524288K, used 440017K [0x0000000080000000, 0x00000000a0000000, 0x00000000d5580000)
  object space 524288K, 83% used [0x0000000080000000,0x000000009adb45d0,0x00000000a0000000)
 Metaspace       used 68708K, committed 70208K, reserved 1114112K
  class space    used 7265K, committed 7872K, reserved 1048576K
}
Event: 69.263 GC heap before
{Heap before GC invocations=1206 (full 3):
 PSYoungGen      total 3584K, used 3556K [0x00000000d5580000, 0x00000000d5c00000, 0x0000000100000000)
  eden space 2560K, 100% used [0x00000000d5580000,0x00000000d5800000,0x00000000d5800000)
  from space 1024K, 97% used [0x00000000d5a00000,0x00000000d5af9010,0x00000000d5b00000)
  to   space 2048K, 0% used [0x00000000d5800000,0x00000000d5800000,0x00000000d5a00000)
 ParOldGen       total 524288K, used 440017K [0x0000000080000000, 0x00000000a0000000, 0x00000000d5580000)
  object space 524288K, 83% used [0x0000000080000000,0x000000009adb45d0,0x00000000a0000000)
 Metaspace       used 68737K, committed 70208K, reserved 1114112K
  class space    used 7265K, committed 7872K, reserved 1048576K
}
Event: 69.266 GC heap after
{Heap after GC invocations=1206 (full 3):
 PSYoungGen      total 4096K, used 1056K [0x00000000d5580000, 0x00000000d5b00000, 0x0000000100000000)
  eden space 2560K, 0% used [0x00000000d5580000,0x00000000d5580000,0x00000000d5800000)
  from space 1536K, 68% used [0x00000000d5800000,0x00000000d5908000,0x00000000d5980000)
  to   space 1536K, 0% used [0x00000000d5980000,0x00000000d5980000,0x00000000d5b00000)
 ParOldGen       total 524288K, used 440904K [0x0000000080000000, 0x00000000a0000000, 0x00000000d5580000)
  object space 524288K, 84% used [0x0000000080000000,0x000000009ae92118,0x00000000a0000000)
 Metaspace       used 68737K, committed 70208K, reserved 1114112K
  class space    used 7265K, committed 7872K, reserved 1048576K
}
Event: 69.283 GC heap before
{Heap before GC invocations=1207 (full 3):
 PSYoungGen      total 4096K, used 3616K [0x00000000d5580000, 0x00000000d5b00000, 0x0000000100000000)
  eden space 2560K, 100% used [0x00000000d5580000,0x00000000d5800000,0x00000000d5800000)
  from space 1536K, 68% used [0x00000000d5800000,0x00000000d5908000,0x00000000d5980000)
  to   space 1536K, 0% used [0x00000000d5980000,0x00000000d5980000,0x00000000d5b00000)
 ParOldGen       total 524288K, used 440904K [0x0000000080000000, 0x00000000a0000000, 0x00000000d5580000)
  object space 524288K, 84% used [0x0000000080000000,0x000000009ae92118,0x00000000a0000000)
 Metaspace       used 68747K, committed 70208K, reserved 1114112K
  class space    used 7265K, committed 7872K, reserved 1048576K
}
Event: 69.286 GC heap after
{Heap after GC invocations=1207 (full 3):
 PSYoungGen      total 4096K, used 1040K [0x00000000d5580000, 0x00000000d5b00000, 0x0000000100000000)
  eden space 2560K, 0% used [0x00000000d5580000,0x00000000d5580000,0x00000000d5800000)
  from space 1536K, 67% used [0x00000000d5980000,0x00000000d5a84328,0x00000000d5b00000)
  to   space 1536K, 0% used [0x00000000d5800000,0x00000000d5800000,0x00000000d5980000)
 ParOldGen       total 524288K, used 441480K [0x0000000080000000, 0x00000000a0000000, 0x00000000d5580000)
  object space 524288K, 84% used [0x0000000080000000,0x000000009af223e8,0x00000000a0000000)
 Metaspace       used 68747K, committed 70208K, reserved 1114112K
  class space    used 7265K, committed 7872K, reserved 1048576K
}
Event: 69.317 GC heap before
{Heap before GC invocations=1208 (full 3):
 PSYoungGen      total 4096K, used 3600K [0x00000000d5580000, 0x00000000d5b00000, 0x0000000100000000)
  eden space 2560K, 100% used [0x00000000d5580000,0x00000000d5800000,0x00000000d5800000)
  from space 1536K, 67% used [0x00000000d5980000,0x00000000d5a84328,0x00000000d5b00000)
  to   space 1536K, 0% used [0x00000000d5800000,0x00000000d5800000,0x00000000d5980000)
 ParOldGen       total 524288K, used 441480K [0x0000000080000000, 0x00000000a0000000, 0x00000000d5580000)
  object space 524288K, 84% used [0x0000000080000000,0x000000009af223e8,0x00000000a0000000)
 Metaspace       used 68747K, committed 70208K, reserved 1114112K
  class space    used 7265K, committed 7872K, reserved 1048576K
}
Event: 69.318 GC heap after
{Heap after GC invocations=1208 (full 3):
 PSYoungGen      total 3584K, used 960K [0x00000000d5580000, 0x00000000d5a00000, 0x0000000100000000)
  eden space 2560K, 0% used [0x00000000d5580000,0x00000000d5580000,0x00000000d5800000)
  from space 1024K, 93% used [0x00000000d5800000,0x00000000d58f0000,0x00000000d5900000)
  to   space 1024K, 0% used [0x00000000d5900000,0x00000000d5900000,0x00000000d5a00000)
 ParOldGen       total 524288K, used 442272K [0x0000000080000000, 0x00000000a0000000, 0x00000000d5580000)
  object space 524288K, 84% used [0x0000000080000000,0x000000009afe8048,0x00000000a0000000)
 Metaspace       used 68747K, committed 70208K, reserved 1114112K
  class space    used 7265K, committed 7872K, reserved 1048576K
}
Event: 69.330 GC heap before
{Heap before GC invocations=1209 (full 3):
 PSYoungGen      total 3584K, used 2801K [0x00000000d5580000, 0x00000000d5a00000, 0x0000000100000000)
  eden space 2560K, 71% used [0x00000000d5580000,0x00000000d574c450,0x00000000d5800000)
  from space 1024K, 93% used [0x00000000d5800000,0x00000000d58f0000,0x00000000d5900000)
  to   space 1024K, 0% used [0x00000000d5900000,0x00000000d5900000,0x00000000d5a00000)
 ParOldGen       total 524288K, used 442272K [0x0000000080000000, 0x00000000a0000000, 0x00000000d5580000)
  object space 524288K, 84% used [0x0000000080000000,0x000000009afe8048,0x00000000a0000000)
 Metaspace       used 68747K, committed 70208K, reserved 1114112K
  class space    used 7265K, committed 7872K, reserved 1048576K
}
Event: 69.332 GC heap after
{Heap after GC invocations=1209 (full 3):
 PSYoungGen      total 3584K, used 888K [0x00000000d5580000, 0x00000000d5a00000, 0x0000000100000000)
  eden space 2560K, 0% used [0x00000000d5580000,0x00000000d5580000,0x00000000d5800000)
  from space 1024K, 86% used [0x00000000d5900000,0x00000000d59de050,0x00000000d5a00000)
  to   space 1024K, 0% used [0x00000000d5800000,0x00000000d5800000,0x00000000d5900000)
 ParOldGen       total 524288K, used 443019K [0x0000000080000000, 0x00000000a0000000, 0x00000000d5580000)
  object space 524288K, 84% used [0x0000000080000000,0x000000009b0a2ea8,0x00000000a0000000)
 Metaspace       used 68747K, committed 70208K, reserved 1114112K
  class space    used 7265K, committed 7872K, reserved 1048576K
}
Event: 69.358 GC heap before
{Heap before GC invocations=1210 (full 3):
 PSYoungGen      total 3584K, used 3448K [0x00000000d5580000, 0x00000000d5a00000, 0x0000000100000000)
  eden space 2560K, 100% used [0x00000000d5580000,0x00000000d5800000,0x00000000d5800000)
  from space 1024K, 86% used [0x00000000d5900000,0x00000000d59de050,0x00000000d5a00000)
  to   space 1024K, 0% used [0x00000000d5800000,0x00000000d5800000,0x00000000d5900000)
 ParOldGen       total 524288K, used 443019K [0x0000000080000000, 0x00000000a0000000, 0x00000000d5580000)
  object space 524288K, 84% used [0x0000000080000000,0x000000009b0a2ea8,0x00000000a0000000)
 Metaspace       used 68747K, committed 70208K, reserved 1114112K
  class space    used 7265K, committed 7872K, reserved 1048576K
}
Event: 71.383 GC heap after
{Heap after GC invocations=1210 (full 3):
 PSYoungGen      total 3584K, used 1009K [0x00000000d5580000, 0x00000000d5a00000, 0x0000000100000000)
  eden space 2560K, 0% used [0x00000000d5580000,0x00000000d5580000,0x00000000d5800000)
  from space 1024K, 98% used [0x00000000d5800000,0x00000000d58fc4a0,0x00000000d5900000)
  to   space 1024K, 0% used [0x00000000d5900000,0x00000000d5900000,0x00000000d5a00000)
 ParOldGen       total 524288K, used 444447K [0x0000000080000000, 0x00000000a0000000, 0x00000000d5580000)
  object space 524288K, 84% used [0x0000000080000000,0x000000009b207f30,0x00000000a0000000)
 Metaspace       used 68747K, committed 70208K, reserved 1114112K
  class space    used 7265K, committed 7872K, reserved 1048576K
}

