# JRE version: OpenJDK Runtime Environment Temurin-21.0.8+9 (21.0.8+9) (build 21.0.8+9-LTS)
# Java VM: OpenJDK 64-Bit Server VM Temurin-21.0.8+9 (21.0.8+9-LTS, mixed mode, sharing, tiered, compressed oops, compressed class ptrs, parallel gc, windows-amd64)
GC Precious Log:
 CardTable entry size: 512
 CPUs: 12 total, 12 available
 Memory: 5996M
 Large Page Support: Disabled
 NUMA Support: Disabled
 Compressed Oops: Enabled (32-bit)
 Alignments: Space 512K, Generation 512K, Heap 2M
 Heap Min Capacity: 100M
 Heap Initial Capacity: 100M
 Heap Max Capacity: 2G
 Pre-touch: Disabled
 Parallel Workers: 10
Heap:
 PSYoungGen      total 7168K, used 1762K [0x00000000d5580000, 0x00000000d5d80000, 0x0000000100000000)
  eden space 6144K, 18% used [0x00000000d5580000,0x00000000d569cbb0,0x00000000d5b80000)
  from space 1024K, 60% used [0x00000000d5c80000,0x00000000d5d1c010,0x00000000d5d80000)
  to   space 1024K, 0% used [0x00000000d5b80000,0x00000000d5b80000,0x00000000d5c80000)
 ParOldGen       total 997376K, used 996888K [0x0000000080000000, 0x00000000bce00000, 0x00000000d5580000)
  object space 997376K, 99% used [0x0000000080000000,0x00000000bcd86010,0x00000000bce00000)
 Metaspace       used 85271K, committed 86848K, reserved 1179648K
  class space    used 8374K, committed 9088K, reserved 1048576K
GC Heap History (20 events):
Event: 12628.296 GC heap before
{Heap before GC invocations=2629 (full 6):
 PSYoungGen      total 7680K, used 7232K [0x00000000d5580000, 0x00000000d5e80000, 0x0000000100000000)
  eden space 6144K, 100% used [0x00000000d5580000,0x00000000d5b80000,0x00000000d5b80000)
  from space 1536K, 70% used [0x00000000d5d00000,0x00000000d5e10020,0x00000000d5e80000)
  to   space 1536K, 0% used [0x00000000d5b80000,0x00000000d5b80000,0x00000000d5d00000)
 ParOldGen       total 991232K, used 991198K [0x0000000080000000, 0x00000000bc800000, 0x00000000d5580000)
  object space 991232K, 99% used [0x0000000080000000,0x00000000bc7f7860,0x00000000bc800000)
 Metaspace       used 85212K, committed 86784K, reserved 1179648K
  class space    used 8374K, committed 9088K, reserved 1048576K
}
Event: 12628.311 GC heap after
{Heap after GC invocations=2629 (full 6):
 PSYoungGen      total 7168K, used 810K [0x00000000d5580000, 0x00000000d5d80000, 0x0000000100000000)
  eden space 6144K, 0% used [0x00000000d5580000,0x00000000d5580000,0x00000000d5b80000)
  from space 1024K, 79% used [0x00000000d5b80000,0x00000000d5c4a910,0x00000000d5c80000)
  to   space 1024K, 0% used [0x00000000d5c80000,0x00000000d5c80000,0x00000000d5d80000)
 ParOldGen       total 992256K, used 992186K [0x0000000080000000, 0x00000000bc900000, 0x00000000d5580000)
  object space 992256K, 99% used [0x0000000080000000,0x00000000bc8eebd0,0x00000000bc900000)
 Metaspace       used 85212K, committed 86784K, reserved 1179648K
  class space    used 8374K, committed 9088K, reserved 1048576K
}
Event: 12628.316 GC heap before
{Heap before GC invocations=2630 (full 6):
 PSYoungGen      total 7168K, used 6954K [0x00000000d5580000, 0x00000000d5d80000, 0x0000000100000000)
  eden space 6144K, 100% used [0x00000000d5580000,0x00000000d5b80000,0x00000000d5b80000)
  from space 1024K, 79% used [0x00000000d5b80000,0x00000000d5c4a910,0x00000000d5c80000)
  to   space 1024K, 0% used [0x00000000d5c80000,0x00000000d5c80000,0x00000000d5d80000)
 ParOldGen       total 992256K, used 992186K [0x0000000080000000, 0x00000000bc900000, 0x00000000d5580000)
  object space 992256K, 99% used [0x0000000080000000,0x00000000bc8eebd0,0x00000000bc900000)
 Metaspace       used 85212K, committed 86784K, reserved 1179648K
  class space    used 8374K, committed 9088K, reserved 1048576K
}
Event: 12628.318 GC heap after
{Heap after GC invocations=2630 (full 6):
 PSYoungGen      total 7168K, used 640K [0x00000000d5580000, 0x00000000d5d80000, 0x0000000100000000)
  eden space 6144K, 0% used [0x00000000d5580000,0x00000000d5580000,0x00000000d5b80000)
  from space 1024K, 62% used [0x00000000d5c80000,0x00000000d5d20020,0x00000000d5d80000)
  to   space 1024K, 0% used [0x00000000d5b80000,0x00000000d5b80000,0x00000000d5c80000)
 ParOldGen       total 993280K, used 992863K [0x0000000080000000, 0x00000000bca00000, 0x00000000d5580000)
  object space 993280K, 99% used [0x0000000080000000,0x00000000bc997ed0,0x00000000bca00000)
 Metaspace       used 85212K, committed 86784K, reserved 1179648K
  class space    used 8374K, committed 9088K, reserved 1048576K
}
Event: 12628.521 GC heap before
{Heap before GC invocations=2631 (full 6):
 PSYoungGen      total 7168K, used 6784K [0x00000000d5580000, 0x00000000d5d80000, 0x0000000100000000)
  eden space 6144K, 100% used [0x00000000d5580000,0x00000000d5b80000,0x00000000d5b80000)
  from space 1024K, 62% used [0x00000000d5c80000,0x00000000d5d20020,0x00000000d5d80000)
  to   space 1024K, 0% used [0x00000000d5b80000,0x00000000d5b80000,0x00000000d5c80000)
 ParOldGen       total 993280K, used 992863K [0x0000000080000000, 0x00000000bca00000, 0x00000000d5580000)
  object space 993280K, 99% used [0x0000000080000000,0x00000000bc997ed0,0x00000000bca00000)
 Metaspace       used 85212K, committed 86784K, reserved 1179648K
  class space    used 8374K, committed 9088K, reserved 1048576K
}
Event: 12628.528 GC heap after
{Heap after GC invocations=2631 (full 6):
 PSYoungGen      total 7168K, used 1012K [0x00000000d5580000, 0x00000000d5f80000, 0x0000000100000000)
  eden space 6144K, 0% used [0x00000000d5580000,0x00000000d5580000,0x00000000d5b80000)
  from space 1024K, 98% used [0x00000000d5b80000,0x00000000d5c7d200,0x00000000d5c80000)
  to   space 2048K, 0% used [0x00000000d5d80000,0x00000000d5d80000,0x00000000d5f80000)
 ParOldGen       total 993792K, used 993474K [0x0000000080000000, 0x00000000bca80000, 0x00000000d5580000)
  object space 993792K, 99% used [0x0000000080000000,0x00000000bca30840,0x00000000bca80000)
 Metaspace       used 85212K, committed 86784K, reserved 1179648K
  class space    used 8374K, committed 9088K, reserved 1048576K
}
Event: 12628.534 GC heap before
{Heap before GC invocations=2632 (full 6):
 PSYoungGen      total 7168K, used 7156K [0x00000000d5580000, 0x00000000d5f80000, 0x0000000100000000)
  eden space 6144K, 100% used [0x00000000d5580000,0x00000000d5b80000,0x00000000d5b80000)
  from space 1024K, 98% used [0x00000000d5b80000,0x00000000d5c7d200,0x00000000d5c80000)
  to   space 2048K, 0% used [0x00000000d5d80000,0x00000000d5d80000,0x00000000d5f80000)
 ParOldGen       total 993792K, used 993474K [0x0000000080000000, 0x00000000bca80000, 0x00000000d5580000)
  object space 993792K, 99% used [0x0000000080000000,0x00000000bca30840,0x00000000bca80000)
 Metaspace       used 85214K, committed 86784K, reserved 1179648K
  class space    used 8374K, committed 9088K, reserved 1048576K
}
Event: 12628.537 GC heap after
{Heap after GC invocations=2632 (full 6):
 PSYoungGen      total 7168K, used 592K [0x00000000d5580000, 0x00000000d5e80000, 0x0000000100000000)
  eden space 6144K, 0% used [0x00000000d5580000,0x00000000d5580000,0x00000000d5b80000)
  from space 1024K, 57% used [0x00000000d5d80000,0x00000000d5e14010,0x00000000d5e80000)
  to   space 1024K, 0% used [0x00000000d5b80000,0x00000000d5b80000,0x00000000d5c80000)
 ParOldGen       total 994816K, used 994461K [0x0000000080000000, 0x00000000bcb80000, 0x00000000d5580000)
  object space 994816K, 99% used [0x0000000080000000,0x00000000bcb27530,0x00000000bcb80000)
 Metaspace       used 85214K, committed 86784K, reserved 1179648K
  class space    used 8374K, committed 9088K, reserved 1048576K
}
Event: 12634.556 GC heap before
{Heap before GC invocations=2633 (full 6):
 PSYoungGen      total 7168K, used 6736K [0x00000000d5580000, 0x00000000d5e80000, 0x0000000100000000)
  eden space 6144K, 100% used [0x00000000d5580000,0x00000000d5b80000,0x00000000d5b80000)
  from space 1024K, 57% used [0x00000000d5d80000,0x00000000d5e14010,0x00000000d5e80000)
  to   space 1024K, 0% used [0x00000000d5b80000,0x00000000d5b80000,0x00000000d5c80000)
 ParOldGen       total 994816K, used 994461K [0x0000000080000000, 0x00000000bcb80000, 0x00000000d5580000)
  object space 994816K, 99% used [0x0000000080000000,0x00000000bcb27530,0x00000000bcb80000)
 Metaspace       used 85238K, committed 86784K, reserved 1179648K
  class space    used 8374K, committed 9088K, reserved 1048576K
}
Event: 12634.558 GC heap after
{Heap after GC invocations=2633 (full 6):
 PSYoungGen      total 7168K, used 928K [0x00000000d5580000, 0x00000000d5e00000, 0x0000000100000000)
  eden space 6144K, 0% used [0x00000000d5580000,0x00000000d5580000,0x00000000d5b80000)
  from space 1024K, 90% used [0x00000000d5b80000,0x00000000d5c68000,0x00000000d5c80000)
  to   space 1024K, 0% used [0x00000000d5d00000,0x00000000d5d00000,0x00000000d5e00000)
 ParOldGen       total 995328K, used 994927K [0x0000000080000000, 0x00000000bcc00000, 0x00000000d5580000)
  object space 995328K, 99% used [0x0000000080000000,0x00000000bcb9be80,0x00000000bcc00000)
 Metaspace       used 85238K, committed 86784K, reserved 1179648K
  class space    used 8374K, committed 9088K, reserved 1048576K
}
Event: 12694.376 GC heap before
{Heap before GC invocations=2634 (full 6):
 PSYoungGen      total 7168K, used 7072K [0x00000000d5580000, 0x00000000d5e00000, 0x0000000100000000)
  eden space 6144K, 100% used [0x00000000d5580000,0x00000000d5b80000,0x00000000d5b80000)
  from space 1024K, 90% used [0x00000000d5b80000,0x00000000d5c68000,0x00000000d5c80000)
  to   space 1024K, 0% used [0x00000000d5d00000,0x00000000d5d00000,0x00000000d5e00000)
 ParOldGen       total 995328K, used 994927K [0x0000000080000000, 0x00000000bcc00000, 0x00000000d5580000)
  object space 995328K, 99% used [0x0000000080000000,0x00000000bcb9be80,0x00000000bcc00000)
 Metaspace       used 85248K, committed 86784K, reserved 1179648K
  class space    used 8374K, committed 9088K, reserved 1048576K
}
Event: 12694.378 GC heap after
{Heap after GC invocations=2634 (full 6):
 PSYoungGen      total 6656K, used 256K [0x00000000d5580000, 0x00000000d5d80000, 0x0000000100000000)
  eden space 6144K, 0% used [0x00000000d5580000,0x00000000d5580000,0x00000000d5b80000)
  from space 512K, 50% used [0x00000000d5d00000,0x00000000d5d40000,0x00000000d5d80000)
  to   space 512K, 0% used [0x00000000d5c80000,0x00000000d5c80000,0x00000000d5d00000)
 ParOldGen       total 995840K, used 995728K [0x0000000080000000, 0x00000000bcc80000, 0x00000000d5580000)
  object space 995840K, 99% used [0x0000000080000000,0x00000000bcc64130,0x00000000bcc80000)
 Metaspace       used 85248K, committed 86784K, reserved 1179648K
  class space    used 8374K, committed 9088K, reserved 1048576K
}
Event: 13109.152 GC heap before
{Heap before GC invocations=2635 (full 6):
 PSYoungGen      total 6656K, used 6400K [0x00000000d5580000, 0x00000000d5d80000, 0x0000000100000000)
  eden space 6144K, 100% used [0x00000000d5580000,0x00000000d5b80000,0x00000000d5b80000)
  from space 512K, 50% used [0x00000000d5d00000,0x00000000d5d40000,0x00000000d5d80000)
  to   space 512K, 0% used [0x00000000d5c80000,0x00000000d5c80000,0x00000000d5d00000)
 ParOldGen       total 995840K, used 995728K [0x0000000080000000, 0x00000000bcc80000, 0x00000000d5580000)
  object space 995840K, 99% used [0x0000000080000000,0x00000000bcc64130,0x00000000bcc80000)
 Metaspace       used 85259K, committed 86784K, reserved 1179648K
  class space    used 8374K, committed 9088K, reserved 1048576K
}
Event: 13109.159 GC heap after
{Heap after GC invocations=2635 (full 6):
 PSYoungGen      total 6656K, used 288K [0x00000000d5580000, 0x00000000d5d80000, 0x0000000100000000)
  eden space 6144K, 0% used [0x00000000d5580000,0x00000000d5580000,0x00000000d5b80000)
  from space 512K, 56% used [0x00000000d5c80000,0x00000000d5cc8000,0x00000000d5d00000)
  to   space 512K, 0% used [0x00000000d5d00000,0x00000000d5d00000,0x00000000d5d80000)
 ParOldGen       total 995840K, used 995736K [0x0000000080000000, 0x00000000bcc80000, 0x00000000d5580000)
  object space 995840K, 99% used [0x0000000080000000,0x00000000bcc66130,0x00000000bcc80000)
 Metaspace       used 85259K, committed 86784K, reserved 1179648K
  class space    used 8374K, committed 9088K, reserved 1048576K
}
Event: 13872.614 GC heap before
{Heap before GC invocations=2636 (full 6):
 PSYoungGen      total 6656K, used 6432K [0x00000000d5580000, 0x00000000d5d80000, 0x0000000100000000)
  eden space 6144K, 100% used [0x00000000d5580000,0x00000000d5b80000,0x00000000d5b80000)
  from space 512K, 56% used [0x00000000d5c80000,0x00000000d5cc8000,0x00000000d5d00000)
  to   space 512K, 0% used [0x00000000d5d00000,0x00000000d5d00000,0x00000000d5d80000)
 ParOldGen       total 995840K, used 995736K [0x0000000080000000, 0x00000000bcc80000, 0x00000000d5580000)
  object space 995840K, 99% used [0x0000000080000000,0x00000000bcc66130,0x00000000bcc80000)
 Metaspace       used 85259K, committed 86848K, reserved 1179648K
  class space    used 8374K, committed 9088K, reserved 1048576K
}
Event: 13872.709 GC heap after
{Heap after GC invocations=2636 (full 6):
 PSYoungGen      total 6656K, used 506K [0x00000000d5580000, 0x00000000d5d80000, 0x0000000100000000)
  eden space 6144K, 0% used [0x00000000d5580000,0x00000000d5580000,0x00000000d5b80000)
  from space 512K, 98% used [0x00000000d5d00000,0x00000000d5d7e920,0x00000000d5d80000)
  to   space 1024K, 0% used [0x00000000d5b80000,0x00000000d5b80000,0x00000000d5c80000)
 ParOldGen       total 996352K, used 995956K [0x0000000080000000, 0x00000000bcd00000, 0x00000000d5580000)
  object space 996352K, 99% used [0x0000000080000000,0x00000000bcc9d3c0,0x00000000bcd00000)
 Metaspace       used 85259K, committed 86848K, reserved 1179648K
  class space    used 8374K, committed 9088K, reserved 1048576K
}
Event: 13872.810 GC heap before
{Heap before GC invocations=2637 (full 6):
 PSYoungGen      total 6656K, used 6650K [0x00000000d5580000, 0x00000000d5d80000, 0x0000000100000000)
  eden space 6144K, 100% used [0x00000000d5580000,0x00000000d5b80000,0x00000000d5b80000)
  from space 512K, 98% used [0x00000000d5d00000,0x00000000d5d7e920,0x00000000d5d80000)
  to   space 1024K, 0% used [0x00000000d5b80000,0x00000000d5b80000,0x00000000d5c80000)
 ParOldGen       total 996352K, used 995956K [0x0000000080000000, 0x00000000bcd00000, 0x00000000d5580000)
  object space 996352K, 99% used [0x0000000080000000,0x00000000bcc9d3c0,0x00000000bcd00000)
 Metaspace       used 85259K, committed 86848K, reserved 1179648K
  class space    used 8374K, committed 9088K, reserved 1048576K
}
Event: 13872.818 GC heap after
{Heap after GC invocations=2637 (full 6):
 PSYoungGen      total 7168K, used 640K [0x00000000d5580000, 0x00000000d5d80000, 0x0000000100000000)
  eden space 6144K, 0% used [0x00000000d5580000,0x00000000d5580000,0x00000000d5b80000)
  from space 1024K, 62% used [0x00000000d5b80000,0x00000000d5c20000,0x00000000d5c80000)
  to   space 1024K, 0% used [0x00000000d5c80000,0x00000000d5c80000,0x00000000d5d80000)
 ParOldGen       total 996864K, used 996485K [0x0000000080000000, 0x00000000bcd80000, 0x00000000d5580000)
  object space 996864K, 99% used [0x0000000080000000,0x00000000bcd216c0,0x00000000bcd80000)
 Metaspace       used 85259K, committed 86848K, reserved 1179648K
  class space    used 8374K, committed 9088K, reserved 1048576K
}
Event: 13872.978 GC heap before
{Heap before GC invocations=2638 (full 6):
 PSYoungGen      total 7168K, used 6778K [0x00000000d5580000, 0x00000000d5d80000, 0x0000000100000000)
  eden space 6144K, 99% used [0x00000000d5580000,0x00000000d5b7ea08,0x00000000d5b80000)
  from space 1024K, 62% used [0x00000000d5b80000,0x00000000d5c20000,0x00000000d5c80000)
  to   space 1024K, 0% used [0x00000000d5c80000,0x00000000d5c80000,0x00000000d5d80000)
 ParOldGen       total 996864K, used 996485K [0x0000000080000000, 0x00000000bcd80000, 0x00000000d5580000)
  object space 996864K, 99% used [0x0000000080000000,0x00000000bcd216c0,0x00000000bcd80000)
 Metaspace       used 85263K, committed 86848K, reserved 1179648K
  class space    used 8374K, committed 9088K, reserved 1048576K
}
Event: 13872.984 GC heap after
{Heap after GC invocations=2638 (full 6):
 PSYoungGen      total 7168K, used 624K [0x00000000d5580000, 0x00000000d5d80000, 0x0000000100000000)
  eden space 6144K, 0% used [0x00000000d5580000,0x00000000d5580000,0x00000000d5b80000)
  from space 1024K, 60% used [0x00000000d5c80000,0x00000000d5d1c010,0x00000000d5d80000)
  to   space 1024K, 0% used [0x00000000d5b80000,0x00000000d5b80000,0x00000000d5c80000)
 ParOldGen       total 997376K, used 996888K [0x0000000080000000, 0x00000000bce00000, 0x00000000d5580000)
  object space 997376K, 99% used [0x0000000080000000,0x00000000bcd86010,0x00000000bce00000)
 Metaspace       used 85263K, committed 86848K, reserved 1179648K
  class space    used 8374K, committed 9088K, reserved 1048576K
}

