# JRE version: OpenJDK Runtime Environment Temurin-21.0.8+9 (21.0.8+9) (build 21.0.8+9-LTS)
# Java VM: OpenJDK 64-Bit Server VM Temurin-21.0.8+9 (21.0.8+9-LTS, mixed mode, sharing, tiered, compressed oops, compressed class ptrs, parallel gc, windows-amd64)
GC Precious Log:
 CardTable entry size: 512
 CPUs: 12 total, 12 available
 Memory: 5996M
 Large Page Support: Disabled
 NUMA Support: Disabled
 Compressed Oops: Enabled (32-bit)
 Alignments: Space 512K, Generation 512K, Heap 2M
 Heap Min Capacity: 100M
 Heap Initial Capacity: 100M
 Heap Max Capacity: 2G
 Pre-touch: Disabled
 Parallel Workers: 10
Heap:
 PSYoungGen      total 3584K, used 1344K [0x00000000d5580000, 0x00000000d5b00000, 0x0000000100000000)
  eden space 3072K, 27% used [0x00000000d5580000,0x00000000d56568b0,0x00000000d5880000)
  from space 512K, 95% used [0x00000000d5a00000,0x00000000d5a799b8,0x00000000d5a80000)
  to   space 512K, 0% used [0x00000000d5a80000,0x00000000d5a80000,0x00000000d5b00000)
 ParOldGen       total 798720K, used 798216K [0x0000000080000000, 0x00000000b0c00000, 0x00000000d5580000)
  object space 798720K, 99% used [0x0000000080000000,0x00000000b0b82398,0x00000000b0c00000)
 Metaspace       used 68453K, committed 69952K, reserved 1114112K
  class space    used 7107K, committed 7744K, reserved 1048576K
GC Heap History (20 events):
Event: 90.564 GC heap before
{Heap before GC invocations=1181 (full 3):
 PSYoungGen      total 3072K, used 3039K [0x00000000d5580000, 0x00000000d5b80000, 0x0000000100000000)
  eden space 1536K, 99% used [0x00000000d5580000,0x00000000d56fffc0,0x00000000d5700000)
  from space 1536K, 97% used [0x00000000d5700000,0x00000000d5878000,0x00000000d5880000)
  to   space 2048K, 0% used [0x00000000d5980000,0x00000000d5980000,0x00000000d5b80000)
 ParOldGen       total 791040K, used 790639K [0x0000000080000000, 0x00000000b0480000, 0x00000000d5580000)
  object space 791040K, 99% used [0x0000000080000000,0x00000000b041bcc8,0x00000000b0480000)
 Metaspace       used 67917K, committed 69440K, reserved 1114112K
  class space    used 7052K, committed 7680K, reserved 1048576K
}
Event: 90.569 GC heap after
{Heap after GC invocations=1181 (full 3):
 PSYoungGen      total 3584K, used 1408K [0x00000000d5580000, 0x00000000d5b00000, 0x0000000100000000)
  eden space 2048K, 0% used [0x00000000d5580000,0x00000000d5580000,0x00000000d5780000)
  from space 1536K, 91% used [0x00000000d5980000,0x00000000d5ae0000,0x00000000d5b00000)
  to   space 1536K, 0% used [0x00000000d5800000,0x00000000d5800000,0x00000000d5980000)
 ParOldGen       total 792064K, used 791990K [0x0000000080000000, 0x00000000b0580000, 0x00000000d5580000)
  object space 792064K, 99% used [0x0000000080000000,0x00000000b056dbd8,0x00000000b0580000)
 Metaspace       used 67917K, committed 69440K, reserved 1114112K
  class space    used 7052K, committed 7680K, reserved 1048576K
}
Event: 90.582 GC heap before
{Heap before GC invocations=1182 (full 3):
 PSYoungGen      total 3584K, used 3455K [0x00000000d5580000, 0x00000000d5b00000, 0x0000000100000000)
  eden space 2048K, 99% used [0x00000000d5580000,0x00000000d577fff0,0x00000000d5780000)
  from space 1536K, 91% used [0x00000000d5980000,0x00000000d5ae0000,0x00000000d5b00000)
  to   space 1536K, 0% used [0x00000000d5800000,0x00000000d5800000,0x00000000d5980000)
 ParOldGen       total 792064K, used 791990K [0x0000000080000000, 0x00000000b0580000, 0x00000000d5580000)
  object space 792064K, 99% used [0x0000000080000000,0x00000000b056dbd8,0x00000000b0580000)
 Metaspace       used 67918K, committed 69440K, reserved 1114112K
  class space    used 7052K, committed 7680K, reserved 1048576K
}
Event: 90.587 GC heap after
{Heap after GC invocations=1182 (full 3):
 PSYoungGen      total 4096K, used 1536K [0x00000000d5580000, 0x00000000d5f00000, 0x0000000100000000)
  eden space 2560K, 0% used [0x00000000d5580000,0x00000000d5580000,0x00000000d5800000)
  from space 1536K, 100% used [0x00000000d5800000,0x00000000d5980000,0x00000000d5980000)
  to   space 3584K, 0% used [0x00000000d5b80000,0x00000000d5b80000,0x00000000d5f00000)
 ParOldGen       total 793600K, used 793518K [0x0000000080000000, 0x00000000b0700000, 0x00000000d5580000)
  object space 793600K, 99% used [0x0000000080000000,0x00000000b06eb808,0x00000000b0700000)
 Metaspace       used 67918K, committed 69440K, reserved 1114112K
  class space    used 7052K, committed 7680K, reserved 1048576K
}
Event: 90.654 GC heap before
{Heap before GC invocations=1183 (full 3):
 PSYoungGen      total 4096K, used 4096K [0x00000000d5580000, 0x00000000d5f00000, 0x0000000100000000)
  eden space 2560K, 100% used [0x00000000d5580000,0x00000000d5800000,0x00000000d5800000)
  from space 1536K, 100% used [0x00000000d5800000,0x00000000d5980000,0x00000000d5980000)
  to   space 3584K, 0% used [0x00000000d5b80000,0x00000000d5b80000,0x00000000d5f00000)
 ParOldGen       total 793600K, used 793518K [0x0000000080000000, 0x00000000b0700000, 0x00000000d5580000)
  object space 793600K, 99% used [0x0000000080000000,0x00000000b06eb808,0x00000000b0700000)
 Metaspace       used 67922K, committed 69440K, reserved 1114112K
  class space    used 7052K, committed 7680K, reserved 1048576K
}
Event: 90.665 GC heap after
{Heap after GC invocations=1183 (full 3):
 PSYoungGen      total 6144K, used 2304K [0x00000000d5580000, 0x00000000d5e80000, 0x0000000100000000)
  eden space 3072K, 0% used [0x00000000d5580000,0x00000000d5580000,0x00000000d5880000)
  from space 3072K, 75% used [0x00000000d5b80000,0x00000000d5dc0000,0x00000000d5e80000)
  to   space 3072K, 0% used [0x00000000d5880000,0x00000000d5880000,0x00000000d5b80000)
 ParOldGen       total 795136K, used 795080K [0x0000000080000000, 0x00000000b0880000, 0x00000000d5580000)
  object space 795136K, 99% used [0x0000000080000000,0x00000000b0872088,0x00000000b0880000)
 Metaspace       used 67922K, committed 69440K, reserved 1114112K
  class space    used 7052K, committed 7680K, reserved 1048576K
}
Event: 92.029 GC heap before
{Heap before GC invocations=1184 (full 3):
 PSYoungGen      total 6144K, used 5363K [0x00000000d5580000, 0x00000000d5e80000, 0x0000000100000000)
  eden space 3072K, 99% used [0x00000000d5580000,0x00000000d587ccc8,0x00000000d5880000)
  from space 3072K, 75% used [0x00000000d5b80000,0x00000000d5dc0000,0x00000000d5e80000)
  to   space 3072K, 0% used [0x00000000d5880000,0x00000000d5880000,0x00000000d5b80000)
 ParOldGen       total 795136K, used 795080K [0x0000000080000000, 0x00000000b0880000, 0x00000000d5580000)
  object space 795136K, 99% used [0x0000000080000000,0x00000000b0872088,0x00000000b0880000)
 Metaspace       used 67990K, committed 69568K, reserved 1114112K
  class space    used 7060K, committed 7744K, reserved 1048576K
}
Event: 92.065 GC heap after
{Heap after GC invocations=1184 (full 3):
 PSYoungGen      total 4096K, used 628K [0x00000000d5580000, 0x00000000d5c00000, 0x0000000100000000)
  eden space 3072K, 0% used [0x00000000d5580000,0x00000000d5580000,0x00000000d5880000)
  from space 1024K, 61% used [0x00000000d5880000,0x00000000d591d208,0x00000000d5980000)
  to   space 1536K, 0% used [0x00000000d5a80000,0x00000000d5a80000,0x00000000d5c00000)
 ParOldGen       total 797696K, used 797288K [0x0000000080000000, 0x00000000b0b00000, 0x00000000d5580000)
  object space 797696K, 99% used [0x0000000080000000,0x00000000b0a9a088,0x00000000b0b00000)
 Metaspace       used 67990K, committed 69568K, reserved 1114112K
  class space    used 7060K, committed 7744K, reserved 1048576K
}
Event: 92.131 GC heap before
{Heap before GC invocations=1185 (full 3):
 PSYoungGen      total 4096K, used 3348K [0x00000000d5580000, 0x00000000d5c00000, 0x0000000100000000)
  eden space 3072K, 88% used [0x00000000d5580000,0x00000000d5828168,0x00000000d5880000)
  from space 1024K, 61% used [0x00000000d5880000,0x00000000d591d208,0x00000000d5980000)
  to   space 1536K, 0% used [0x00000000d5a80000,0x00000000d5a80000,0x00000000d5c00000)
 ParOldGen       total 797696K, used 797288K [0x0000000080000000, 0x00000000b0b00000, 0x00000000d5580000)
  object space 797696K, 99% used [0x0000000080000000,0x00000000b0a9a088,0x00000000b0b00000)
 Metaspace       used 67990K, committed 69568K, reserved 1114112K
  class space    used 7060K, committed 7744K, reserved 1048576K
}
Event: 92.137 GC heap after
{Heap after GC invocations=1185 (full 3):
 PSYoungGen      total 3584K, used 192K [0x00000000d5580000, 0x00000000d5b00000, 0x0000000100000000)
  eden space 3072K, 0% used [0x00000000d5580000,0x00000000d5580000,0x00000000d5880000)
  from space 512K, 37% used [0x00000000d5a80000,0x00000000d5ab0000,0x00000000d5b00000)
  to   space 512K, 0% used [0x00000000d5a00000,0x00000000d5a00000,0x00000000d5a80000)
 ParOldGen       total 797696K, used 797620K [0x0000000080000000, 0x00000000b0b00000, 0x00000000d5580000)
  object space 797696K, 99% used [0x0000000080000000,0x00000000b0aed0a8,0x00000000b0b00000)
 Metaspace       used 67990K, committed 69568K, reserved 1114112K
  class space    used 7060K, committed 7744K, reserved 1048576K
}
Event: 92.260 GC heap before
{Heap before GC invocations=1186 (full 3):
 PSYoungGen      total 3584K, used 3264K [0x00000000d5580000, 0x00000000d5b00000, 0x0000000100000000)
  eden space 3072K, 100% used [0x00000000d5580000,0x00000000d5880000,0x00000000d5880000)
  from space 512K, 37% used [0x00000000d5a80000,0x00000000d5ab0000,0x00000000d5b00000)
  to   space 512K, 0% used [0x00000000d5a00000,0x00000000d5a00000,0x00000000d5a80000)
 ParOldGen       total 797696K, used 797620K [0x0000000080000000, 0x00000000b0b00000, 0x00000000d5580000)
  object space 797696K, 99% used [0x0000000080000000,0x00000000b0aed0a8,0x00000000b0b00000)
 Metaspace       used 67990K, committed 69568K, reserved 1114112K
  class space    used 7060K, committed 7744K, reserved 1048576K
}
Event: 92.266 GC heap after
{Heap after GC invocations=1186 (full 3):
 PSYoungGen      total 3584K, used 160K [0x00000000d5580000, 0x00000000d5b00000, 0x0000000100000000)
  eden space 3072K, 0% used [0x00000000d5580000,0x00000000d5580000,0x00000000d5880000)
  from space 512K, 31% used [0x00000000d5a00000,0x00000000d5a28000,0x00000000d5a80000)
  to   space 512K, 0% used [0x00000000d5a80000,0x00000000d5a80000,0x00000000d5b00000)
 ParOldGen       total 797696K, used 797652K [0x0000000080000000, 0x00000000b0b00000, 0x00000000d5580000)
  object space 797696K, 99% used [0x0000000080000000,0x00000000b0af50a8,0x00000000b0b00000)
 Metaspace       used 67990K, committed 69568K, reserved 1114112K
  class space    used 7060K, committed 7744K, reserved 1048576K
}
Event: 92.392 GC heap before
{Heap before GC invocations=1187 (full 3):
 PSYoungGen      total 3584K, used 3232K [0x00000000d5580000, 0x00000000d5b00000, 0x0000000100000000)
  eden space 3072K, 100% used [0x00000000d5580000,0x00000000d5880000,0x00000000d5880000)
  from space 512K, 31% used [0x00000000d5a00000,0x00000000d5a28000,0x00000000d5a80000)
  to   space 512K, 0% used [0x00000000d5a80000,0x00000000d5a80000,0x00000000d5b00000)
 ParOldGen       total 797696K, used 797652K [0x0000000080000000, 0x00000000b0b00000, 0x00000000d5580000)
  object space 797696K, 99% used [0x0000000080000000,0x00000000b0af50a8,0x00000000b0b00000)
 Metaspace       used 67990K, committed 69568K, reserved 1114112K
  class space    used 7060K, committed 7744K, reserved 1048576K
}
Event: 92.394 GC heap after
{Heap after GC invocations=1187 (full 3):
 PSYoungGen      total 3584K, used 288K [0x00000000d5580000, 0x00000000d5b00000, 0x0000000100000000)
  eden space 3072K, 0% used [0x00000000d5580000,0x00000000d5580000,0x00000000d5880000)
  from space 512K, 56% used [0x00000000d5a80000,0x00000000d5ac8000,0x00000000d5b00000)
  to   space 512K, 0% used [0x00000000d5a00000,0x00000000d5a00000,0x00000000d5a80000)
 ParOldGen       total 798208K, used 797708K [0x0000000080000000, 0x00000000b0b80000, 0x00000000d5580000)
  object space 798208K, 99% used [0x0000000080000000,0x00000000b0b030a8,0x00000000b0b80000)
 Metaspace       used 67990K, committed 69568K, reserved 1114112K
  class space    used 7060K, committed 7744K, reserved 1048576K
}
Event: 93.206 GC heap before
{Heap before GC invocations=1188 (full 3):
 PSYoungGen      total 3584K, used 3360K [0x00000000d5580000, 0x00000000d5b00000, 0x0000000100000000)
  eden space 3072K, 100% used [0x00000000d5580000,0x00000000d5880000,0x00000000d5880000)
  from space 512K, 56% used [0x00000000d5a80000,0x00000000d5ac8000,0x00000000d5b00000)
  to   space 512K, 0% used [0x00000000d5a00000,0x00000000d5a00000,0x00000000d5a80000)
 ParOldGen       total 798208K, used 797708K [0x0000000080000000, 0x00000000b0b80000, 0x00000000d5580000)
  object space 798208K, 99% used [0x0000000080000000,0x00000000b0b030a8,0x00000000b0b80000)
 Metaspace       used 67995K, committed 69568K, reserved 1114112K
  class space    used 7060K, committed 7744K, reserved 1048576K
}
Event: 93.210 GC heap after
{Heap after GC invocations=1188 (full 3):
 PSYoungGen      total 3584K, used 288K [0x00000000d5580000, 0x00000000d5b00000, 0x0000000100000000)
  eden space 3072K, 0% used [0x00000000d5580000,0x00000000d5580000,0x00000000d5880000)
  from space 512K, 56% used [0x00000000d5a00000,0x00000000d5a48000,0x00000000d5a80000)
  to   space 512K, 0% used [0x00000000d5a80000,0x00000000d5a80000,0x00000000d5b00000)
 ParOldGen       total 798208K, used 797756K [0x0000000080000000, 0x00000000b0b80000, 0x00000000d5580000)
  object space 798208K, 99% used [0x0000000080000000,0x00000000b0b0f0a8,0x00000000b0b80000)
 Metaspace       used 67995K, committed 69568K, reserved 1114112K
  class space    used 7060K, committed 7744K, reserved 1048576K
}
Event: 309.663 GC heap before
{Heap before GC invocations=1189 (full 3):
 PSYoungGen      total 3584K, used 3360K [0x00000000d5580000, 0x00000000d5b00000, 0x0000000100000000)
  eden space 3072K, 100% used [0x00000000d5580000,0x00000000d5880000,0x00000000d5880000)
  from space 512K, 56% used [0x00000000d5a00000,0x00000000d5a48000,0x00000000d5a80000)
  to   space 512K, 0% used [0x00000000d5a80000,0x00000000d5a80000,0x00000000d5b00000)
 ParOldGen       total 798208K, used 797756K [0x0000000080000000, 0x00000000b0b80000, 0x00000000d5580000)
  object space 798208K, 99% used [0x0000000080000000,0x00000000b0b0f0a8,0x00000000b0b80000)
 Metaspace       used 68061K, committed 69632K, reserved 1114112K
  class space    used 7069K, committed 7744K, reserved 1048576K
}
Event: 309.923 GC heap after
{Heap after GC invocations=1189 (full 3):
 PSYoungGen      total 3584K, used 352K [0x00000000d5580000, 0x00000000d5b00000, 0x0000000100000000)
  eden space 3072K, 0% used [0x00000000d5580000,0x00000000d5580000,0x00000000d5880000)
  from space 512K, 68% used [0x00000000d5a80000,0x00000000d5ad8000,0x00000000d5b00000)
  to   space 512K, 0% used [0x00000000d5a00000,0x00000000d5a00000,0x00000000d5a80000)
 ParOldGen       total 798208K, used 797852K [0x0000000080000000, 0x00000000b0b80000, 0x00000000d5580000)
  object space 798208K, 99% used [0x0000000080000000,0x00000000b0b270a8,0x00000000b0b80000)
 Metaspace       used 68061K, committed 69632K, reserved 1114112K
  class space    used 7069K, committed 7744K, reserved 1048576K
}
Event: 313.483 GC heap before
{Heap before GC invocations=1190 (full 3):
 PSYoungGen      total 3584K, used 3423K [0x00000000d5580000, 0x00000000d5b00000, 0x0000000100000000)
  eden space 3072K, 99% used [0x00000000d5580000,0x00000000d587ffe0,0x00000000d5880000)
  from space 512K, 68% used [0x00000000d5a80000,0x00000000d5ad8000,0x00000000d5b00000)
  to   space 512K, 0% used [0x00000000d5a00000,0x00000000d5a00000,0x00000000d5a80000)
 ParOldGen       total 798208K, used 797852K [0x0000000080000000, 0x00000000b0b80000, 0x00000000d5580000)
  object space 798208K, 99% used [0x0000000080000000,0x00000000b0b270a8,0x00000000b0b80000)
 Metaspace       used 68279K, committed 69824K, reserved 1114112K
  class space    used 7095K, committed 7744K, reserved 1048576K
}
Event: 313.491 GC heap after
{Heap after GC invocations=1190 (full 3):
 PSYoungGen      total 3584K, used 486K [0x00000000d5580000, 0x00000000d5b00000, 0x0000000100000000)
  eden space 3072K, 0% used [0x00000000d5580000,0x00000000d5580000,0x00000000d5880000)
  from space 512K, 95% used [0x00000000d5a00000,0x00000000d5a799b8,0x00000000d5a80000)
  to   space 512K, 0% used [0x00000000d5a80000,0x00000000d5a80000,0x00000000d5b00000)
 ParOldGen       total 798720K, used 798216K [0x0000000080000000, 0x00000000b0c00000, 0x00000000d5580000)
  object space 798720K, 99% used [0x0000000080000000,0x00000000b0b82398,0x00000000b0c00000)
 Metaspace       used 68279K, committed 69824K, reserved 1114112K
  class space    used 7095K, committed 7744K, reserved 1048576K
}

